{"C:\\Users\\ragha\\OneDrive\\Desktop\\Taskmaster\\server\\controllers\\adminController.js": {"path":"C:\\Users\\ragha\\OneDrive\\Desktop\\Taskmaster\\server\\controllers\\adminController.js","statementMap":{"0":{"start":{"line":8,"column":23},"end":{"line":20,"column":1}},"1":{"start":{"line":9,"column":4},"end":{"line":19,"column":5}},"2":{"start":{"line":10,"column":21},"end":{"line":13,"column":19}},"3":{"start":{"line":15,"column":8},"end":{"line":15,"column":23}},"4":{"start":{"line":17,"column":8},"end":{"line":17,"column":37}},"5":{"start":{"line":18,"column":8},"end":{"line":18,"column":45}},"6":{"start":{"line":25,"column":25},"end":{"line":33,"column":1}},"7":{"start":{"line":26,"column":4},"end":{"line":32,"column":5}},"8":{"start":{"line":27,"column":8},"end":{"line":27,"column":33}},"9":{"start":{"line":28,"column":8},"end":{"line":28,"column":50}},"10":{"start":{"line":30,"column":8},"end":{"line":30,"column":37}},"11":{"start":{"line":31,"column":8},"end":{"line":31,"column":45}},"12":{"start":{"line":38,"column":27},"end":{"line":61,"column":1}},"13":{"start":{"line":39,"column":4},"end":{"line":60,"column":5}},"14":{"start":{"line":40,"column":22},"end":{"line":42,"column":19}},"15":{"start":{"line":45,"column":31},"end":{"line":54,"column":11}},"16":{"start":{"line":46,"column":30},"end":{"line":46,"column":78}},"17":{"start":{"line":47,"column":30},"end":{"line":47,"column":74}},"18":{"start":{"line":49,"column":12},"end":{"line":53,"column":14}},"19":{"start":{"line":56,"column":8},"end":{"line":56,"column":33}},"20":{"start":{"line":58,"column":8},"end":{"line":58,"column":37}},"21":{"start":{"line":59,"column":8},"end":{"line":59,"column":45}},"22":{"start":{"line":66,"column":24},"end":{"line":91,"column":1}},"23":{"start":{"line":67,"column":4},"end":{"line":90,"column":5}},"24":{"start":{"line":68,"column":27},"end":{"line":68,"column":54}},"25":{"start":{"line":69,"column":27},"end":{"line":69,"column":54}},"26":{"start":{"line":70,"column":31},"end":{"line":70,"column":76}},"27":{"start":{"line":73,"column":24},"end":{"line":73,"column":66}},"28":{"start":{"line":74,"column":35},"end":{"line":76,"column":34}},"29":{"start":{"line":76,"column":23},"end":{"line":76,"column":33}},"30":{"start":{"line":78,"column":22},"end":{"line":84,"column":9}},"31":{"start":{"line":86,"column":8},"end":{"line":86,"column":24}},"32":{"start":{"line":88,"column":8},"end":{"line":88,"column":37}},"33":{"start":{"line":89,"column":8},"end":{"line":89,"column":45}},"34":{"start":{"line":96,"column":26},"end":{"line":132,"column":1}},"35":{"start":{"line":97,"column":4},"end":{"line":131,"column":5}},"36":{"start":{"line":98,"column":27},"end":{"line":98,"column":37}},"37":{"start":{"line":101,"column":8},"end":{"line":103,"column":9}},"38":{"start":{"line":102,"column":12},"end":{"line":102,"column":87}},"39":{"start":{"line":105,"column":21},"end":{"line":105,"column":48}},"40":{"start":{"line":106,"column":8},"end":{"line":108,"column":9}},"41":{"start":{"line":107,"column":12},"end":{"line":107,"column":71}},"42":{"start":{"line":111,"column":8},"end":{"line":113,"column":9}},"43":{"start":{"line":112,"column":12},"end":{"line":112,"column":85}},"44":{"start":{"line":116,"column":8},"end":{"line":116,"column":51}},"45":{"start":{"line":119,"column":8},"end":{"line":122,"column":10}},"46":{"start":{"line":125,"column":8},"end":{"line":125,"column":45}},"47":{"start":{"line":127,"column":8},"end":{"line":127,"column":72}},"48":{"start":{"line":129,"column":8},"end":{"line":129,"column":37}},"49":{"start":{"line":130,"column":8},"end":{"line":130,"column":45}},"50":{"start":{"line":137,"column":30},"end":{"line":156,"column":1}},"51":{"start":{"line":138,"column":4},"end":{"line":155,"column":5}},"52":{"start":{"line":139,"column":27},"end":{"line":139,"column":37}},"53":{"start":{"line":141,"column":21},"end":{"line":145,"column":43}},"54":{"start":{"line":147,"column":8},"end":{"line":149,"column":9}},"55":{"start":{"line":148,"column":12},"end":{"line":148,"column":71}},"56":{"start":{"line":151,"column":8},"end":{"line":151,"column":83}},"57":{"start":{"line":153,"column":8},"end":{"line":153,"column":37}},"58":{"start":{"line":154,"column":8},"end":{"line":154,"column":45}}},"fnMap":{"0":{"name":"(anonymous_0)","decl":{"start":{"line":8,"column":23},"end":{"line":8,"column":24}},"loc":{"start":{"line":8,"column":43},"end":{"line":20,"column":1}},"line":8},"1":{"name":"(anonymous_1)","decl":{"start":{"line":25,"column":25},"end":{"line":25,"column":26}},"loc":{"start":{"line":25,"column":45},"end":{"line":33,"column":1}},"line":25},"2":{"name":"(anonymous_2)","decl":{"start":{"line":38,"column":27},"end":{"line":38,"column":28}},"loc":{"start":{"line":38,"column":47},"end":{"line":61,"column":1}},"line":38},"3":{"name":"(anonymous_3)","decl":{"start":{"line":45,"column":59},"end":{"line":45,"column":60}},"loc":{"start":{"line":45,"column":75},"end":{"line":54,"column":9}},"line":45},"4":{"name":"(anonymous_4)","decl":{"start":{"line":66,"column":24},"end":{"line":66,"column":25}},"loc":{"start":{"line":66,"column":44},"end":{"line":91,"column":1}},"line":66},"5":{"name":"(anonymous_5)","decl":{"start":{"line":76,"column":16},"end":{"line":76,"column":17}},"loc":{"start":{"line":76,"column":23},"end":{"line":76,"column":33}},"line":76},"6":{"name":"(anonymous_6)","decl":{"start":{"line":96,"column":26},"end":{"line":96,"column":27}},"loc":{"start":{"line":96,"column":46},"end":{"line":132,"column":1}},"line":96},"7":{"name":"(anonymous_7)","decl":{"start":{"line":137,"column":30},"end":{"line":137,"column":31}},"loc":{"start":{"line":137,"column":50},"end":{"line":156,"column":1}},"line":137}},"branchMap":{"0":{"loc":{"start":{"line":52,"column":27},"end":{"line":52,"column":55}},"type":"binary-expr","locations":[{"start":{"line":52,"column":27},"end":{"line":52,"column":50}},{"start":{"line":52,"column":54},"end":{"line":52,"column":55}}],"line":52},"1":{"loc":{"start":{"line":83,"column":28},"end":{"line":83,"column":97}},"type":"cond-expr","locations":[{"start":{"line":83,"column":45},"end":{"line":83,"column":93}},{"start":{"line":83,"column":96},"end":{"line":83,"column":97}}],"line":83},"2":{"loc":{"start":{"line":101,"column":8},"end":{"line":103,"column":9}},"type":"if","locations":[{"start":{"line":101,"column":8},"end":{"line":103,"column":9}},{"start":{},"end":{}}],"line":101},"3":{"loc":{"start":{"line":106,"column":8},"end":{"line":108,"column":9}},"type":"if","locations":[{"start":{"line":106,"column":8},"end":{"line":108,"column":9}},{"start":{},"end":{}}],"line":106},"4":{"loc":{"start":{"line":111,"column":8},"end":{"line":113,"column":9}},"type":"if","locations":[{"start":{"line":111,"column":8},"end":{"line":113,"column":9}},{"start":{},"end":{}}],"line":111},"5":{"loc":{"start":{"line":147,"column":8},"end":{"line":149,"column":9}},"type":"if","locations":[{"start":{"line":147,"column":8},"end":{"line":149,"column":9}},{"start":{},"end":{}}],"line":147}},"s":{"0":0,"1":0,"2":0,"3":0,"4":0,"5":0,"6":0,"7":0,"8":0,"9":0,"10":0,"11":0,"12":0,"13":0,"14":0,"15":0,"16":0,"17":0,"18":0,"19":0,"20":0,"21":0,"22":0,"23":0,"24":0,"25":0,"26":0,"27":0,"28":0,"29":0,"30":0,"31":0,"32":0,"33":0,"34":0,"35":0,"36":0,"37":0,"38":0,"39":0,"40":0,"41":0,"42":0,"43":0,"44":0,"45":0,"46":0,"47":0,"48":0,"49":0,"50":0,"51":0,"52":0,"53":0,"54":0,"55":0,"56":0,"57":0,"58":0},"f":{"0":0,"1":0,"2":0,"3":0,"4":0,"5":0,"6":0,"7":0},"b":{"0":[0,0],"1":[0,0],"2":[0,0],"3":[0,0],"4":[0,0],"5":[0,0]}}
,"C:\\Users\\ragha\\OneDrive\\Desktop\\Taskmaster\\server\\controllers\\authController.js": {"path":"C:\\Users\\ragha\\OneDrive\\Desktop\\Taskmaster\\server\\controllers\\authController.js","statementMap":{"0":{"start":{"line":6,"column":22},"end":{"line":10,"column":1}},"1":{"start":{"line":7,"column":2},"end":{"line":9,"column":5}},"2":{"start":{"line":15,"column":28},"end":{"line":74,"column":1}},"3":{"start":{"line":16,"column":40},"end":{"line":16,"column":48}},"4":{"start":{"line":18,"column":2},"end":{"line":73,"column":3}},"5":{"start":{"line":19,"column":4},"end":{"line":19,"column":59}},"6":{"start":{"line":20,"column":4},"end":{"line":20,"column":84}},"7":{"start":{"line":21,"column":4},"end":{"line":21,"column":103}},"8":{"start":{"line":22,"column":4},"end":{"line":22,"column":60}},"9":{"start":{"line":24,"column":4},"end":{"line":30,"column":5}},"10":{"start":{"line":25,"column":6},"end":{"line":25,"column":58}},"11":{"start":{"line":26,"column":6},"end":{"line":26,"column":62}},"12":{"start":{"line":27,"column":6},"end":{"line":27,"column":56}},"13":{"start":{"line":28,"column":6},"end":{"line":28,"column":62}},"14":{"start":{"line":29,"column":6},"end":{"line":29,"column":93}},"15":{"start":{"line":32,"column":4},"end":{"line":32,"column":79}},"16":{"start":{"line":33,"column":15},"end":{"line":33,"column":44}},"17":{"start":{"line":34,"column":4},"end":{"line":37,"column":5}},"18":{"start":{"line":35,"column":6},"end":{"line":35,"column":63}},"19":{"start":{"line":36,"column":6},"end":{"line":36,"column":70}},"20":{"start":{"line":39,"column":4},"end":{"line":39,"column":63}},"21":{"start":{"line":40,"column":4},"end":{"line":44,"column":7}},"22":{"start":{"line":46,"column":17},"end":{"line":46,"column":41}},"23":{"start":{"line":47,"column":4},"end":{"line":47,"column":54}},"24":{"start":{"line":48,"column":4},"end":{"line":48,"column":64}},"25":{"start":{"line":50,"column":4},"end":{"line":50,"column":22}},"26":{"start":{"line":51,"column":4},"end":{"line":51,"column":67}},"27":{"start":{"line":53,"column":18},"end":{"line":53,"column":41}},"28":{"start":{"line":54,"column":4},"end":{"line":54,"column":52}},"29":{"start":{"line":56,"column":25},"end":{"line":65,"column":5}},"30":{"start":{"line":67,"column":4},"end":{"line":67,"column":89}},"31":{"start":{"line":68,"column":4},"end":{"line":68,"column":39}},"32":{"start":{"line":70,"column":4},"end":{"line":70,"column":63}},"33":{"start":{"line":71,"column":4},"end":{"line":71,"column":58}},"34":{"start":{"line":72,"column":4},"end":{"line":72,"column":76}},"35":{"start":{"line":79,"column":25},"end":{"line":142,"column":1}},"36":{"start":{"line":80,"column":30},"end":{"line":80,"column":38}},"37":{"start":{"line":82,"column":2},"end":{"line":141,"column":3}},"38":{"start":{"line":83,"column":4},"end":{"line":83,"column":56}},"39":{"start":{"line":84,"column":4},"end":{"line":84,"column":81}},"40":{"start":{"line":85,"column":4},"end":{"line":85,"column":90}},"41":{"start":{"line":86,"column":4},"end":{"line":86,"column":57}},"42":{"start":{"line":88,"column":4},"end":{"line":93,"column":5}},"43":{"start":{"line":89,"column":6},"end":{"line":89,"column":51}},"44":{"start":{"line":90,"column":6},"end":{"line":90,"column":53}},"45":{"start":{"line":91,"column":6},"end":{"line":91,"column":59}},"46":{"start":{"line":92,"column":6},"end":{"line":92,"column":91}},"47":{"start":{"line":95,"column":4},"end":{"line":95,"column":66}},"48":{"start":{"line":96,"column":15},"end":{"line":98,"column":6}},"49":{"start":{"line":100,"column":4},"end":{"line":103,"column":5}},"50":{"start":{"line":101,"column":6},"end":{"line":101,"column":59}},"51":{"start":{"line":102,"column":6},"end":{"line":102,"column":70}},"52":{"start":{"line":105,"column":4},"end":{"line":105,"column":80}},"53":{"start":{"line":106,"column":20},"end":{"line":106,"column":65}},"54":{"start":{"line":107,"column":4},"end":{"line":110,"column":5}},"55":{"start":{"line":108,"column":6},"end":{"line":108,"column":66}},"56":{"start":{"line":109,"column":6},"end":{"line":109,"column":70}},"57":{"start":{"line":112,"column":4},"end":{"line":112,"column":46}},"58":{"start":{"line":115,"column":4},"end":{"line":115,"column":32}},"59":{"start":{"line":116,"column":4},"end":{"line":116,"column":49}},"60":{"start":{"line":117,"column":4},"end":{"line":117,"column":22}},"61":{"start":{"line":118,"column":4},"end":{"line":118,"column":49}},"62":{"start":{"line":120,"column":18},"end":{"line":120,"column":41}},"63":{"start":{"line":121,"column":4},"end":{"line":121,"column":49}},"64":{"start":{"line":123,"column":25},"end":{"line":132,"column":5}},"65":{"start":{"line":134,"column":4},"end":{"line":134,"column":68}},"66":{"start":{"line":135,"column":4},"end":{"line":135,"column":86}},"67":{"start":{"line":136,"column":4},"end":{"line":136,"column":27}},"68":{"start":{"line":138,"column":4},"end":{"line":138,"column":60}},"69":{"start":{"line":139,"column":4},"end":{"line":139,"column":55}},"70":{"start":{"line":140,"column":4},"end":{"line":140,"column":76}},"71":{"start":{"line":147,"column":21},"end":{"line":156,"column":1}},"72":{"start":{"line":149,"column":2},"end":{"line":155,"column":3}},"73":{"start":{"line":150,"column":17},"end":{"line":150,"column":69}},"74":{"start":{"line":151,"column":4},"end":{"line":151,"column":19}},"75":{"start":{"line":153,"column":4},"end":{"line":153,"column":33}},"76":{"start":{"line":154,"column":4},"end":{"line":154,"column":41}}},"fnMap":{"0":{"name":"(anonymous_0)","decl":{"start":{"line":6,"column":22},"end":{"line":6,"column":23}},"loc":{"start":{"line":6,"column":30},"end":{"line":10,"column":1}},"line":6},"1":{"name":"(anonymous_1)","decl":{"start":{"line":15,"column":28},"end":{"line":15,"column":29}},"loc":{"start":{"line":15,"column":48},"end":{"line":74,"column":1}},"line":15},"2":{"name":"(anonymous_2)","decl":{"start":{"line":79,"column":25},"end":{"line":79,"column":26}},"loc":{"start":{"line":79,"column":45},"end":{"line":142,"column":1}},"line":79},"3":{"name":"(anonymous_3)","decl":{"start":{"line":147,"column":21},"end":{"line":147,"column":22}},"loc":{"start":{"line":147,"column":41},"end":{"line":156,"column":1}},"line":147}},"branchMap":{"0":{"loc":{"start":{"line":24,"column":4},"end":{"line":30,"column":5}},"type":"if","locations":[{"start":{"line":24,"column":4},"end":{"line":30,"column":5}},{"start":{},"end":{}}],"line":24},"1":{"loc":{"start":{"line":24,"column":8},"end":{"line":24,"column":40}},"type":"binary-expr","locations":[{"start":{"line":24,"column":8},"end":{"line":24,"column":17}},{"start":{"line":24,"column":21},"end":{"line":24,"column":27}},{"start":{"line":24,"column":31},"end":{"line":24,"column":40}}],"line":24},"2":{"loc":{"start":{"line":34,"column":4},"end":{"line":37,"column":5}},"type":"if","locations":[{"start":{"line":34,"column":4},"end":{"line":37,"column":5}},{"start":{},"end":{}}],"line":34},"3":{"loc":{"start":{"line":88,"column":4},"end":{"line":93,"column":5}},"type":"if","locations":[{"start":{"line":88,"column":4},"end":{"line":93,"column":5}},{"start":{},"end":{}}],"line":88},"4":{"loc":{"start":{"line":88,"column":8},"end":{"line":88,"column":27}},"type":"binary-expr","locations":[{"start":{"line":88,"column":8},"end":{"line":88,"column":14}},{"start":{"line":88,"column":18},"end":{"line":88,"column":27}}],"line":88},"5":{"loc":{"start":{"line":100,"column":4},"end":{"line":103,"column":5}},"type":"if","locations":[{"start":{"line":100,"column":4},"end":{"line":103,"column":5}},{"start":{},"end":{}}],"line":100},"6":{"loc":{"start":{"line":107,"column":4},"end":{"line":110,"column":5}},"type":"if","locations":[{"start":{"line":107,"column":4},"end":{"line":110,"column":5}},{"start":{},"end":{}}],"line":107},"7":{"loc":{"start":{"line":116,"column":23},"end":{"line":116,"column":43}},"type":"binary-expr","locations":[{"start":{"line":116,"column":23},"end":{"line":116,"column":38}},{"start":{"line":116,"column":42},"end":{"line":116,"column":43}}],"line":116}},"s":{"0":0,"1":0,"2":0,"3":0,"4":0,"5":0,"6":0,"7":0,"8":0,"9":0,"10":0,"11":0,"12":0,"13":0,"14":0,"15":0,"16":0,"17":0,"18":0,"19":0,"20":0,"21":0,"22":0,"23":0,"24":0,"25":0,"26":0,"27":0,"28":0,"29":0,"30":0,"31":0,"32":0,"33":0,"34":0,"35":0,"36":0,"37":0,"38":0,"39":0,"40":0,"41":0,"42":0,"43":0,"44":0,"45":0,"46":0,"47":0,"48":0,"49":0,"50":0,"51":0,"52":0,"53":0,"54":0,"55":0,"56":0,"57":0,"58":0,"59":0,"60":0,"61":0,"62":0,"63":0,"64":0,"65":0,"66":0,"67":0,"68":0,"69":0,"70":0,"71":0,"72":0,"73":0,"74":0,"75":0,"76":0},"f":{"0":0,"1":0,"2":0,"3":0},"b":{"0":[0,0],"1":[0,0,0],"2":[0,0],"3":[0,0],"4":[0,0],"5":[0,0],"6":[0,0],"7":[0,0]}}
,"C:\\Users\\ragha\\OneDrive\\Desktop\\Taskmaster\\server\\controllers\\taskController.js": {"path":"C:\\Users\\ragha\\OneDrive\\Desktop\\Taskmaster\\server\\controllers\\taskController.js","statementMap":{"0":{"start":{"line":8,"column":26},"end":{"line":49,"column":1}},"1":{"start":{"line":9,"column":81},"end":{"line":9,"column":89}},"2":{"start":{"line":11,"column":2},"end":{"line":48,"column":3}},"3":{"start":{"line":13,"column":4},"end":{"line":15,"column":5}},"4":{"start":{"line":14,"column":6},"end":{"line":14,"column":87}},"5":{"start":{"line":18,"column":26},"end":{"line":18,"column":49}},"6":{"start":{"line":19,"column":23},"end":{"line":19,"column":74}},"7":{"start":{"line":21,"column":17},"end":{"line":30,"column":6}},"8":{"start":{"line":32,"column":24},"end":{"line":32,"column":41}},"9":{"start":{"line":35,"column":4},"end":{"line":43,"column":5}},"10":{"start":{"line":36,"column":6},"end":{"line":40,"column":9}},"11":{"start":{"line":42,"column":6},"end":{"line":42,"column":71}},"12":{"start":{"line":45,"column":4},"end":{"line":45,"column":38}},"13":{"start":{"line":47,"column":4},"end":{"line":47,"column":83}},"14":{"start":{"line":54,"column":24},"end":{"line":69,"column":1}},"15":{"start":{"line":55,"column":2},"end":{"line":68,"column":3}},"16":{"start":{"line":57,"column":18},"end":{"line":62,"column":30}},"17":{"start":{"line":64,"column":4},"end":{"line":64,"column":20}},"18":{"start":{"line":66,"column":4},"end":{"line":66,"column":33}},"19":{"start":{"line":67,"column":4},"end":{"line":67,"column":41}},"20":{"start":{"line":74,"column":32},"end":{"line":107,"column":1}},"21":{"start":{"line":75,"column":21},"end":{"line":75,"column":29}},"22":{"start":{"line":77,"column":2},"end":{"line":106,"column":3}},"23":{"start":{"line":78,"column":17},"end":{"line":78,"column":51}},"24":{"start":{"line":80,"column":4},"end":{"line":82,"column":5}},"25":{"start":{"line":81,"column":6},"end":{"line":81,"column":61}},"26":{"start":{"line":85,"column":4},"end":{"line":87,"column":5}},"27":{"start":{"line":86,"column":6},"end":{"line":86,"column":66}},"28":{"start":{"line":89,"column":4},"end":{"line":89,"column":25}},"29":{"start":{"line":90,"column":4},"end":{"line":90,"column":61}},"30":{"start":{"line":92,"column":4},"end":{"line":92,"column":22}},"31":{"start":{"line":95,"column":4},"end":{"line":99,"column":5}},"32":{"start":{"line":96,"column":6},"end":{"line":96,"column":126}},"33":{"start":{"line":98,"column":6},"end":{"line":98,"column":71}},"34":{"start":{"line":101,"column":4},"end":{"line":101,"column":19}},"35":{"start":{"line":104,"column":4},"end":{"line":104,"column":33}},"36":{"start":{"line":105,"column":4},"end":{"line":105,"column":41}},"37":{"start":{"line":112,"column":26},"end":{"line":148,"column":1}},"38":{"start":{"line":113,"column":2},"end":{"line":147,"column":3}},"39":{"start":{"line":114,"column":17},"end":{"line":114,"column":51}},"40":{"start":{"line":115,"column":17},"end":{"line":115,"column":49}},"41":{"start":{"line":117,"column":4},"end":{"line":119,"column":5}},"42":{"start":{"line":118,"column":6},"end":{"line":118,"column":61}},"43":{"start":{"line":122,"column":22},"end":{"line":122,"column":72}},"44":{"start":{"line":123,"column":23},"end":{"line":123,"column":74}},"45":{"start":{"line":124,"column":20},"end":{"line":124,"column":41}},"46":{"start":{"line":126,"column":4},"end":{"line":128,"column":5}},"47":{"start":{"line":127,"column":6},"end":{"line":127,"column":86}},"48":{"start":{"line":130,"column":4},"end":{"line":130,"column":48}},"49":{"start":{"line":133,"column":4},"end":{"line":141,"column":5}},"50":{"start":{"line":134,"column":6},"end":{"line":138,"column":9}},"51":{"start":{"line":140,"column":6},"end":{"line":140,"column":71}},"52":{"start":{"line":143,"column":4},"end":{"line":143,"column":51}},"53":{"start":{"line":145,"column":4},"end":{"line":145,"column":33}},"54":{"start":{"line":146,"column":4},"end":{"line":146,"column":41}}},"fnMap":{"0":{"name":"(anonymous_0)","decl":{"start":{"line":8,"column":26},"end":{"line":8,"column":27}},"loc":{"start":{"line":8,"column":46},"end":{"line":49,"column":1}},"line":8},"1":{"name":"(anonymous_1)","decl":{"start":{"line":54,"column":24},"end":{"line":54,"column":25}},"loc":{"start":{"line":54,"column":44},"end":{"line":69,"column":1}},"line":54},"2":{"name":"(anonymous_2)","decl":{"start":{"line":74,"column":32},"end":{"line":74,"column":33}},"loc":{"start":{"line":74,"column":52},"end":{"line":107,"column":1}},"line":74},"3":{"name":"(anonymous_3)","decl":{"start":{"line":112,"column":26},"end":{"line":112,"column":27}},"loc":{"start":{"line":112,"column":46},"end":{"line":148,"column":1}},"line":112}},"branchMap":{"0":{"loc":{"start":{"line":13,"column":4},"end":{"line":15,"column":5}},"type":"if","locations":[{"start":{"line":13,"column":4},"end":{"line":15,"column":5}},{"start":{},"end":{}}],"line":13},"1":{"loc":{"start":{"line":13,"column":8},"end":{"line":13,"column":66}},"type":"binary-expr","locations":[{"start":{"line":13,"column":8},"end":{"line":13,"column":16}},{"start":{"line":13,"column":20},"end":{"line":13,"column":66}}],"line":13},"2":{"loc":{"start":{"line":18,"column":26},"end":{"line":18,"column":49}},"type":"binary-expr","locations":[{"start":{"line":18,"column":26},"end":{"line":18,"column":34}},{"start":{"line":18,"column":38},"end":{"line":18,"column":49}}],"line":18},"3":{"loc":{"start":{"line":80,"column":4},"end":{"line":82,"column":5}},"type":"if","locations":[{"start":{"line":80,"column":4},"end":{"line":82,"column":5}},{"start":{},"end":{}}],"line":80},"4":{"loc":{"start":{"line":85,"column":4},"end":{"line":87,"column":5}},"type":"if","locations":[{"start":{"line":85,"column":4},"end":{"line":87,"column":5}},{"start":{},"end":{}}],"line":85},"5":{"loc":{"start":{"line":85,"column":8},"end":{"line":85,"column":113}},"type":"binary-expr","locations":[{"start":{"line":85,"column":8},"end":{"line":85,"column":59}},{"start":{"line":85,"column":63},"end":{"line":85,"column":113}}],"line":85},"6":{"loc":{"start":{"line":90,"column":23},"end":{"line":90,"column":60}},"type":"cond-expr","locations":[{"start":{"line":90,"column":43},"end":{"line":90,"column":53}},{"start":{"line":90,"column":56},"end":{"line":90,"column":60}}],"line":90},"7":{"loc":{"start":{"line":117,"column":4},"end":{"line":119,"column":5}},"type":"if","locations":[{"start":{"line":117,"column":4},"end":{"line":119,"column":5}},{"start":{},"end":{}}],"line":117},"8":{"loc":{"start":{"line":126,"column":4},"end":{"line":128,"column":5}},"type":"if","locations":[{"start":{"line":126,"column":4},"end":{"line":128,"column":5}},{"start":{},"end":{}}],"line":126},"9":{"loc":{"start":{"line":126,"column":8},"end":{"line":126,"column":46}},"type":"binary-expr","locations":[{"start":{"line":126,"column":8},"end":{"line":126,"column":18}},{"start":{"line":126,"column":22},"end":{"line":126,"column":46}}],"line":126},"10":{"loc":{"start":{"line":126,"column":24},"end":{"line":126,"column":45}},"type":"binary-expr","locations":[{"start":{"line":126,"column":24},"end":{"line":126,"column":31}},{"start":{"line":126,"column":35},"end":{"line":126,"column":45}}],"line":126}},"s":{"0":0,"1":0,"2":0,"3":0,"4":0,"5":0,"6":0,"7":0,"8":0,"9":0,"10":0,"11":0,"12":0,"13":0,"14":0,"15":0,"16":0,"17":0,"18":0,"19":0,"20":0,"21":0,"22":0,"23":0,"24":0,"25":0,"26":0,"27":0,"28":0,"29":0,"30":0,"31":0,"32":0,"33":0,"34":0,"35":0,"36":0,"37":0,"38":0,"39":0,"40":0,"41":0,"42":0,"43":0,"44":0,"45":0,"46":0,"47":0,"48":0,"49":0,"50":0,"51":0,"52":0,"53":0,"54":0},"f":{"0":0,"1":0,"2":0,"3":0},"b":{"0":[0,0],"1":[0,0],"2":[0,0],"3":[0,0],"4":[0,0],"5":[0,0],"6":[0,0],"7":[0,0],"8":[0,0],"9":[0,0],"10":[0,0]}}
,"C:\\Users\\ragha\\OneDrive\\Desktop\\Taskmaster\\server\\controllers\\userController.js": {"path":"C:\\Users\\ragha\\OneDrive\\Desktop\\Taskmaster\\server\\controllers\\userController.js","statementMap":{"0":{"start":{"line":7,"column":25},"end":{"line":43,"column":1}},"1":{"start":{"line":8,"column":4},"end":{"line":42,"column":5}},"2":{"start":{"line":9,"column":8},"end":{"line":9,"column":66}},"3":{"start":{"line":10,"column":8},"end":{"line":10,"column":60}},"4":{"start":{"line":12,"column":21},"end":{"line":12,"column":118}},"5":{"start":{"line":14,"column":8},"end":{"line":14,"column":57}},"6":{"start":{"line":16,"column":8},"end":{"line":19,"column":9}},"7":{"start":{"line":17,"column":12},"end":{"line":17,"column":58}},"8":{"start":{"line":18,"column":12},"end":{"line":18,"column":71}},"9":{"start":{"line":22,"column":28},"end":{"line":22,"column":87}},"10":{"start":{"line":23,"column":8},"end":{"line":23,"column":83}},"11":{"start":{"line":24,"column":8},"end":{"line":24,"column":64}},"12":{"start":{"line":27,"column":30},"end":{"line":35,"column":11}},"13":{"start":{"line":28,"column":26},"end":{"line":32,"column":46}},"14":{"start":{"line":34,"column":12},"end":{"line":34,"column":51}},"15":{"start":{"line":37,"column":8},"end":{"line":37,"column":99}},"16":{"start":{"line":38,"column":8},"end":{"line":38,"column":32}},"17":{"start":{"line":40,"column":8},"end":{"line":40,"column":63}},"18":{"start":{"line":41,"column":8},"end":{"line":41,"column":80}},"19":{"start":{"line":48,"column":27},"end":{"line":84,"column":1}},"20":{"start":{"line":49,"column":20},"end":{"line":56,"column":12}},"21":{"start":{"line":58,"column":4},"end":{"line":83,"column":5}},"22":{"start":{"line":59,"column":8},"end":{"line":59,"column":67}},"23":{"start":{"line":60,"column":8},"end":{"line":60,"column":58}},"24":{"start":{"line":62,"column":28},"end":{"line":62,"column":60}},"25":{"start":{"line":63,"column":28},"end":{"line":65,"column":32}},"26":{"start":{"line":67,"column":8},"end":{"line":67,"column":79}},"27":{"start":{"line":71,"column":22},"end":{"line":76,"column":30}},"28":{"start":{"line":78,"column":8},"end":{"line":78,"column":76}},"29":{"start":{"line":79,"column":8},"end":{"line":79,"column":24}},"30":{"start":{"line":81,"column":8},"end":{"line":81,"column":64}},"31":{"start":{"line":82,"column":8},"end":{"line":82,"column":80}},"32":{"start":{"line":89,"column":25},"end":{"line":123,"column":1}},"33":{"start":{"line":90,"column":28},"end":{"line":90,"column":36}},"34":{"start":{"line":92,"column":4},"end":{"line":122,"column":5}},"35":{"start":{"line":93,"column":8},"end":{"line":93,"column":66}},"36":{"start":{"line":94,"column":8},"end":{"line":94,"column":65}},"37":{"start":{"line":95,"column":8},"end":{"line":95,"column":63}},"38":{"start":{"line":97,"column":28},"end":{"line":97,"column":60}},"39":{"start":{"line":100,"column":8},"end":{"line":108,"column":9}},"40":{"start":{"line":102,"column":12},"end":{"line":102,"column":79}},"41":{"start":{"line":103,"column":12},"end":{"line":107,"column":14}},"42":{"start":{"line":111,"column":28},"end":{"line":115,"column":69}},"43":{"start":{"line":117,"column":8},"end":{"line":117,"column":63}},"44":{"start":{"line":118,"column":8},"end":{"line":118,"column":35}},"45":{"start":{"line":120,"column":8},"end":{"line":120,"column":63}},"46":{"start":{"line":121,"column":8},"end":{"line":121,"column":80}},"47":{"start":{"line":128,"column":27},"end":{"line":144,"column":1}},"48":{"start":{"line":129,"column":4},"end":{"line":143,"column":5}},"49":{"start":{"line":130,"column":8},"end":{"line":130,"column":68}},"50":{"start":{"line":131,"column":8},"end":{"line":131,"column":77}},"51":{"start":{"line":133,"column":22},"end":{"line":133,"column":95}},"52":{"start":{"line":135,"column":8},"end":{"line":135,"column":68}},"53":{"start":{"line":136,"column":8},"end":{"line":136,"column":53}},"54":{"start":{"line":137,"column":8},"end":{"line":137,"column":59}},"55":{"start":{"line":139,"column":8},"end":{"line":139,"column":24}},"56":{"start":{"line":141,"column":8},"end":{"line":141,"column":65}},"57":{"start":{"line":142,"column":8},"end":{"line":142,"column":80}},"58":{"start":{"line":149,"column":29},"end":{"line":199,"column":1}},"59":{"start":{"line":150,"column":71},"end":{"line":150,"column":79}},"60":{"start":{"line":152,"column":4},"end":{"line":198,"column":5}},"61":{"start":{"line":153,"column":21},"end":{"line":153,"column":53}},"62":{"start":{"line":154,"column":8},"end":{"line":156,"column":9}},"63":{"start":{"line":155,"column":12},"end":{"line":155,"column":71}},"64":{"start":{"line":159,"column":8},"end":{"line":165,"column":9}},"65":{"start":{"line":160,"column":33},"end":{"line":160,"column":92}},"66":{"start":{"line":161,"column":12},"end":{"line":163,"column":13}},"67":{"start":{"line":162,"column":16},"end":{"line":162,"column":83}},"68":{"start":{"line":164,"column":12},"end":{"line":164,"column":37}},"69":{"start":{"line":168,"column":8},"end":{"line":178,"column":9}},"70":{"start":{"line":169,"column":12},"end":{"line":171,"column":13}},"71":{"start":{"line":170,"column":16},"end":{"line":170,"column":105}},"72":{"start":{"line":172,"column":28},"end":{"line":172,"column":80}},"73":{"start":{"line":173,"column":12},"end":{"line":175,"column":13}},"74":{"start":{"line":174,"column":16},"end":{"line":174,"column":90}},"75":{"start":{"line":176,"column":25},"end":{"line":176,"column":49}},"76":{"start":{"line":177,"column":12},"end":{"line":177,"column":65}},"77":{"start":{"line":181,"column":8},"end":{"line":183,"column":9}},"78":{"start":{"line":182,"column":12},"end":{"line":182,"column":49}},"79":{"start":{"line":185,"column":8},"end":{"line":185,"column":26}},"80":{"start":{"line":187,"column":8},"end":{"line":194,"column":11}},"81":{"start":{"line":196,"column":8},"end":{"line":196,"column":37}},"82":{"start":{"line":197,"column":8},"end":{"line":197,"column":45}},"83":{"start":{"line":204,"column":26},"end":{"line":215,"column":1}},"84":{"start":{"line":205,"column":4},"end":{"line":214,"column":5}},"85":{"start":{"line":206,"column":21},"end":{"line":206,"column":73}},"86":{"start":{"line":207,"column":8},"end":{"line":209,"column":9}},"87":{"start":{"line":208,"column":12},"end":{"line":208,"column":71}},"88":{"start":{"line":210,"column":8},"end":{"line":210,"column":23}},"89":{"start":{"line":212,"column":8},"end":{"line":212,"column":37}},"90":{"start":{"line":213,"column":8},"end":{"line":213,"column":45}},"91":{"start":{"line":218,"column":27},"end":{"line":218,"column":36}},"92":{"start":{"line":219,"column":27},"end":{"line":219,"column":36}}},"fnMap":{"0":{"name":"(anonymous_0)","decl":{"start":{"line":7,"column":25},"end":{"line":7,"column":26}},"loc":{"start":{"line":7,"column":45},"end":{"line":43,"column":1}},"line":7},"1":{"name":"(anonymous_1)","decl":{"start":{"line":27,"column":64},"end":{"line":27,"column":65}},"loc":{"start":{"line":27,"column":82},"end":{"line":35,"column":9}},"line":27},"2":{"name":"(anonymous_2)","decl":{"start":{"line":48,"column":27},"end":{"line":48,"column":28}},"loc":{"start":{"line":48,"column":47},"end":{"line":84,"column":1}},"line":48},"3":{"name":"(anonymous_3)","decl":{"start":{"line":89,"column":25},"end":{"line":89,"column":26}},"loc":{"start":{"line":89,"column":45},"end":{"line":123,"column":1}},"line":89},"4":{"name":"(anonymous_4)","decl":{"start":{"line":128,"column":27},"end":{"line":128,"column":28}},"loc":{"start":{"line":128,"column":47},"end":{"line":144,"column":1}},"line":128},"5":{"name":"(anonymous_5)","decl":{"start":{"line":149,"column":29},"end":{"line":149,"column":30}},"loc":{"start":{"line":149,"column":49},"end":{"line":199,"column":1}},"line":149},"6":{"name":"(anonymous_6)","decl":{"start":{"line":204,"column":26},"end":{"line":204,"column":27}},"loc":{"start":{"line":204,"column":46},"end":{"line":215,"column":1}},"line":204}},"branchMap":{"0":{"loc":{"start":{"line":16,"column":8},"end":{"line":19,"column":9}},"type":"if","locations":[{"start":{"line":16,"column":8},"end":{"line":19,"column":9}},{"start":{},"end":{}}],"line":16},"1":{"loc":{"start":{"line":22,"column":28},"end":{"line":22,"column":87}},"type":"cond-expr","locations":[{"start":{"line":22,"column":64},"end":{"line":22,"column":73}},{"start":{"line":22,"column":76},"end":{"line":22,"column":87}}],"line":22},"2":{"loc":{"start":{"line":22,"column":28},"end":{"line":22,"column":61}},"type":"binary-expr","locations":[{"start":{"line":22,"column":28},"end":{"line":22,"column":37}},{"start":{"line":22,"column":41},"end":{"line":22,"column":61}}],"line":22},"3":{"loc":{"start":{"line":23,"column":57},"end":{"line":23,"column":81}},"type":"binary-expr","locations":[{"start":{"line":23,"column":57},"end":{"line":23,"column":76}},{"start":{"line":23,"column":80},"end":{"line":23,"column":81}}],"line":23},"4":{"loc":{"start":{"line":49,"column":20},"end":{"line":56,"column":12}},"type":"cond-expr","locations":[{"start":{"line":50,"column":10},"end":{"line":55,"column":9}},{"start":{"line":56,"column":10},"end":{"line":56,"column":12}}],"line":49},"5":{"loc":{"start":{"line":63,"column":28},"end":{"line":65,"column":32}},"type":"cond-expr","locations":[{"start":{"line":64,"column":14},"end":{"line":64,"column":30}},{"start":{"line":65,"column":14},"end":{"line":65,"column":32}}],"line":63},"6":{"loc":{"start":{"line":63,"column":28},"end":{"line":63,"column":75}},"type":"binary-expr","locations":[{"start":{"line":63,"column":28},"end":{"line":63,"column":44}},{"start":{"line":63,"column":48},"end":{"line":63,"column":75}}],"line":63},"7":{"loc":{"start":{"line":67,"column":53},"end":{"line":67,"column":77}},"type":"binary-expr","locations":[{"start":{"line":67,"column":53},"end":{"line":67,"column":72}},{"start":{"line":67,"column":76},"end":{"line":67,"column":77}}],"line":67},"8":{"loc":{"start":{"line":100,"column":8},"end":{"line":108,"column":9}},"type":"if","locations":[{"start":{"line":100,"column":8},"end":{"line":108,"column":9}},{"start":{},"end":{}}],"line":100},"9":{"loc":{"start":{"line":100,"column":12},"end":{"line":101,"column":68}},"type":"binary-expr","locations":[{"start":{"line":100,"column":13},"end":{"line":100,"column":30}},{"start":{"line":100,"column":34},"end":{"line":100,"column":63}},{"start":{"line":101,"column":13},"end":{"line":101,"column":32}},{"start":{"line":101,"column":36},"end":{"line":101,"column":67}}],"line":100},"10":{"loc":{"start":{"line":154,"column":8},"end":{"line":156,"column":9}},"type":"if","locations":[{"start":{"line":154,"column":8},"end":{"line":156,"column":9}},{"start":{},"end":{}}],"line":154},"11":{"loc":{"start":{"line":159,"column":8},"end":{"line":165,"column":9}},"type":"if","locations":[{"start":{"line":159,"column":8},"end":{"line":165,"column":9}},{"start":{},"end":{}}],"line":159},"12":{"loc":{"start":{"line":161,"column":12},"end":{"line":163,"column":13}},"type":"if","locations":[{"start":{"line":161,"column":12},"end":{"line":163,"column":13}},{"start":{},"end":{}}],"line":161},"13":{"loc":{"start":{"line":168,"column":8},"end":{"line":178,"column":9}},"type":"if","locations":[{"start":{"line":168,"column":8},"end":{"line":178,"column":9}},{"start":{},"end":{}}],"line":168},"14":{"loc":{"start":{"line":169,"column":12},"end":{"line":171,"column":13}},"type":"if","locations":[{"start":{"line":169,"column":12},"end":{"line":171,"column":13}},{"start":{},"end":{}}],"line":169},"15":{"loc":{"start":{"line":173,"column":12},"end":{"line":175,"column":13}},"type":"if","locations":[{"start":{"line":173,"column":12},"end":{"line":175,"column":13}},{"start":{},"end":{}}],"line":173},"16":{"loc":{"start":{"line":181,"column":8},"end":{"line":183,"column":9}},"type":"if","locations":[{"start":{"line":181,"column":8},"end":{"line":183,"column":9}},{"start":{},"end":{}}],"line":181},"17":{"loc":{"start":{"line":207,"column":8},"end":{"line":209,"column":9}},"type":"if","locations":[{"start":{"line":207,"column":8},"end":{"line":209,"column":9}},{"start":{},"end":{}}],"line":207}},"s":{"0":0,"1":0,"2":0,"3":0,"4":0,"5":0,"6":0,"7":0,"8":0,"9":0,"10":0,"11":0,"12":0,"13":0,"14":0,"15":0,"16":0,"17":0,"18":0,"19":0,"20":0,"21":0,"22":0,"23":0,"24":0,"25":0,"26":0,"27":0,"28":0,"29":0,"30":0,"31":0,"32":0,"33":0,"34":0,"35":0,"36":0,"37":0,"38":0,"39":0,"40":0,"41":0,"42":0,"43":0,"44":0,"45":0,"46":0,"47":0,"48":0,"49":0,"50":0,"51":0,"52":0,"53":0,"54":0,"55":0,"56":0,"57":0,"58":0,"59":0,"60":0,"61":0,"62":0,"63":0,"64":0,"65":0,"66":0,"67":0,"68":0,"69":0,"70":0,"71":0,"72":0,"73":0,"74":0,"75":0,"76":0,"77":0,"78":0,"79":0,"80":0,"81":0,"82":0,"83":0,"84":0,"85":0,"86":0,"87":0,"88":0,"89":0,"90":0,"91":0,"92":0},"f":{"0":0,"1":0,"2":0,"3":0,"4":0,"5":0,"6":0},"b":{"0":[0,0],"1":[0,0],"2":[0,0],"3":[0,0],"4":[0,0],"5":[0,0],"6":[0,0],"7":[0,0],"8":[0,0],"9":[0,0,0,0],"10":[0,0],"11":[0,0],"12":[0,0],"13":[0,0],"14":[0,0],"15":[0,0],"16":[0,0],"17":[0,0]}}
,"C:\\Users\\ragha\\OneDrive\\Desktop\\Taskmaster\\server\\middleware\\adminMiddleware.js": {"path":"C:\\Users\\ragha\\OneDrive\\Desktop\\Taskmaster\\server\\middleware\\adminMiddleware.js","statementMap":{"0":{"start":{"line":5,"column":25},"end":{"line":22,"column":1}},"1":{"start":{"line":6,"column":4},"end":{"line":21,"column":5}},"2":{"start":{"line":7,"column":21},"end":{"line":7,"column":53}},"3":{"start":{"line":9,"column":8},"end":{"line":11,"column":9}},"4":{"start":{"line":10,"column":12},"end":{"line":10,"column":71}},"5":{"start":{"line":13,"column":8},"end":{"line":15,"column":9}},"6":{"start":{"line":14,"column":12},"end":{"line":14,"column":98}},"7":{"start":{"line":17,"column":8},"end":{"line":17,"column":15}},"8":{"start":{"line":19,"column":8},"end":{"line":19,"column":37}},"9":{"start":{"line":20,"column":8},"end":{"line":20,"column":45}}},"fnMap":{"0":{"name":"(anonymous_0)","decl":{"start":{"line":5,"column":25},"end":{"line":5,"column":26}},"loc":{"start":{"line":5,"column":51},"end":{"line":22,"column":1}},"line":5}},"branchMap":{"0":{"loc":{"start":{"line":9,"column":8},"end":{"line":11,"column":9}},"type":"if","locations":[{"start":{"line":9,"column":8},"end":{"line":11,"column":9}},{"start":{},"end":{}}],"line":9},"1":{"loc":{"start":{"line":13,"column":8},"end":{"line":15,"column":9}},"type":"if","locations":[{"start":{"line":13,"column":8},"end":{"line":15,"column":9}},{"start":{},"end":{}}],"line":13}},"s":{"0":0,"1":0,"2":0,"3":0,"4":0,"5":0,"6":0,"7":0,"8":0,"9":0},"f":{"0":0},"b":{"0":[0,0],"1":[0,0]}}
,"C:\\Users\\ragha\\OneDrive\\Desktop\\Taskmaster\\server\\middleware\\authMiddleware.js": {"path":"C:\\Users\\ragha\\OneDrive\\Desktop\\Taskmaster\\server\\middleware\\authMiddleware.js","statementMap":{"0":{"start":{"line":4,"column":23},"end":{"line":30,"column":1}},"1":{"start":{"line":7,"column":2},"end":{"line":26,"column":3}},"2":{"start":{"line":8,"column":4},"end":{"line":25,"column":5}},"3":{"start":{"line":9,"column":6},"end":{"line":9,"column":54}},"4":{"start":{"line":10,"column":6},"end":{"line":10,"column":47}},"5":{"start":{"line":12,"column":22},"end":{"line":12,"column":63}},"6":{"start":{"line":13,"column":6},"end":{"line":13,"column":69}},"7":{"start":{"line":15,"column":6},"end":{"line":18,"column":7}},"8":{"start":{"line":16,"column":8},"end":{"line":16,"column":55}},"9":{"start":{"line":17,"column":8},"end":{"line":17,"column":83}},"10":{"start":{"line":20,"column":6},"end":{"line":20,"column":69}},"11":{"start":{"line":21,"column":6},"end":{"line":21,"column":20}},"12":{"start":{"line":23,"column":6},"end":{"line":23,"column":72}},"13":{"start":{"line":24,"column":6},"end":{"line":24,"column":79}},"14":{"start":{"line":28,"column":2},"end":{"line":28,"column":42}},"15":{"start":{"line":29,"column":2},"end":{"line":29,"column":71}}},"fnMap":{"0":{"name":"(anonymous_0)","decl":{"start":{"line":4,"column":23},"end":{"line":4,"column":24}},"loc":{"start":{"line":4,"column":49},"end":{"line":30,"column":1}},"line":4}},"branchMap":{"0":{"loc":{"start":{"line":7,"column":2},"end":{"line":26,"column":3}},"type":"if","locations":[{"start":{"line":7,"column":2},"end":{"line":26,"column":3}},{"start":{},"end":{}}],"line":7},"1":{"loc":{"start":{"line":7,"column":6},"end":{"line":7,"column":81}},"type":"binary-expr","locations":[{"start":{"line":7,"column":6},"end":{"line":7,"column":31}},{"start":{"line":7,"column":35},"end":{"line":7,"column":81}}],"line":7},"2":{"loc":{"start":{"line":15,"column":6},"end":{"line":18,"column":7}},"type":"if","locations":[{"start":{"line":15,"column":6},"end":{"line":18,"column":7}},{"start":{},"end":{}}],"line":15}},"s":{"0":0,"1":0,"2":0,"3":0,"4":0,"5":0,"6":0,"7":0,"8":0,"9":0,"10":0,"11":0,"12":0,"13":0,"14":0,"15":0},"f":{"0":0},"b":{"0":[0,0],"1":[0,0],"2":[0,0]}}
,"C:\\Users\\ragha\\OneDrive\\Desktop\\Taskmaster\\server\\middleware\\debugMiddleware.js": {"path":"C:\\Users\\ragha\\OneDrive\\Desktop\\Taskmaster\\server\\middleware\\debugMiddleware.js","statementMap":{"0":{"start":{"line":6,"column":26},"end":{"line":8,"column":1}},"1":{"start":{"line":7,"column":2},"end":{"line":7,"column":72}},"2":{"start":{"line":15,"column":31},"end":{"line":60,"column":1}},"3":{"start":{"line":17,"column":2},"end":{"line":17,"column":31}},"4":{"start":{"line":20,"column":2},"end":{"line":20,"column":29}},"5":{"start":{"line":23,"column":2},"end":{"line":36,"column":4}},"6":{"start":{"line":39,"column":23},"end":{"line":39,"column":31}},"7":{"start":{"line":40,"column":2},"end":{"line":57,"column":4}},"8":{"start":{"line":41,"column":21},"end":{"line":41,"column":47}},"9":{"start":{"line":43,"column":4},"end":{"line":54,"column":6}},"10":{"start":{"line":56,"column":4},"end":{"line":56,"column":41}},"11":{"start":{"line":59,"column":2},"end":{"line":59,"column":9}},"12":{"start":{"line":66,"column":25},"end":{"line":87,"column":1}},"13":{"start":{"line":67,"column":17},"end":{"line":67,"column":34}},"14":{"start":{"line":68,"column":25},"end":{"line":70,"column":94}},"15":{"start":{"line":72,"column":2},"end":{"line":84,"column":3}},"16":{"start":{"line":73,"column":4},"end":{"line":83,"column":6}},"17":{"start":{"line":86,"column":2},"end":{"line":86,"column":9}},"18":{"start":{"line":93,"column":25},"end":{"line":111,"column":1}},"19":{"start":{"line":94,"column":21},"end":{"line":94,"column":45}},"20":{"start":{"line":96,"column":2},"end":{"line":108,"column":3}},"21":{"start":{"line":97,"column":4},"end":{"line":107,"column":6}},"22":{"start":{"line":110,"column":2},"end":{"line":110,"column":9}},"23":{"start":{"line":116,"column":24},"end":{"line":122,"column":1}},"24":{"start":{"line":117,"column":24},"end":{"line":117,"column":40}},"25":{"start":{"line":119,"column":2},"end":{"line":119,"column":37}},"26":{"start":{"line":121,"column":2},"end":{"line":121,"column":9}},"27":{"start":{"line":128,"column":34},"end":{"line":143,"column":1}},"28":{"start":{"line":129,"column":22},"end":{"line":136,"column":3}},"29":{"start":{"line":138,"column":2},"end":{"line":142,"column":4}}},"fnMap":{"0":{"name":"(anonymous_0)","decl":{"start":{"line":6,"column":26},"end":{"line":6,"column":27}},"loc":{"start":{"line":6,"column":32},"end":{"line":8,"column":1}},"line":6},"1":{"name":"(anonymous_1)","decl":{"start":{"line":15,"column":31},"end":{"line":15,"column":32}},"loc":{"start":{"line":15,"column":51},"end":{"line":60,"column":1}},"line":15},"2":{"name":"(anonymous_2)","decl":{"start":{"line":40,"column":13},"end":{"line":40,"column":14}},"loc":{"start":{"line":40,"column":28},"end":{"line":57,"column":3}},"line":40},"3":{"name":"(anonymous_3)","decl":{"start":{"line":66,"column":25},"end":{"line":66,"column":26}},"loc":{"start":{"line":66,"column":45},"end":{"line":87,"column":1}},"line":66},"4":{"name":"(anonymous_4)","decl":{"start":{"line":93,"column":25},"end":{"line":93,"column":26}},"loc":{"start":{"line":93,"column":45},"end":{"line":111,"column":1}},"line":93},"5":{"name":"(anonymous_5)","decl":{"start":{"line":116,"column":24},"end":{"line":116,"column":25}},"loc":{"start":{"line":116,"column":44},"end":{"line":122,"column":1}},"line":116},"6":{"name":"(anonymous_6)","decl":{"start":{"line":128,"column":34},"end":{"line":128,"column":35}},"loc":{"start":{"line":128,"column":40},"end":{"line":143,"column":1}},"line":128}},"branchMap":{"0":{"loc":{"start":{"line":52,"column":41},"end":{"line":52,"column":51}},"type":"binary-expr","locations":[{"start":{"line":52,"column":41},"end":{"line":52,"column":45}},{"start":{"line":52,"column":49},"end":{"line":52,"column":51}}],"line":52},"1":{"loc":{"start":{"line":68,"column":25},"end":{"line":70,"column":94}},"type":"cond-expr","locations":[{"start":{"line":69,"column":6},"end":{"line":69,"column":49}},{"start":{"line":70,"column":6},"end":{"line":70,"column":94}}],"line":68},"2":{"loc":{"start":{"line":72,"column":2},"end":{"line":84,"column":3}},"type":"if","locations":[{"start":{"line":72,"column":2},"end":{"line":84,"column":3}},{"start":{},"end":{}}],"line":72},"3":{"loc":{"start":{"line":96,"column":2},"end":{"line":108,"column":3}},"type":"if","locations":[{"start":{"line":96,"column":2},"end":{"line":108,"column":3}},{"start":{},"end":{}}],"line":96},"4":{"loc":{"start":{"line":96,"column":6},"end":{"line":96,"column":47}},"type":"binary-expr","locations":[{"start":{"line":96,"column":6},"end":{"line":96,"column":33}},{"start":{"line":96,"column":37},"end":{"line":96,"column":47}}],"line":96},"5":{"loc":{"start":{"line":104,"column":18},"end":{"line":104,"column":53}},"type":"binary-expr","locations":[{"start":{"line":104,"column":18},"end":{"line":104,"column":43}},{"start":{"line":104,"column":47},"end":{"line":104,"column":53}}],"line":104},"6":{"loc":{"start":{"line":131,"column":10},"end":{"line":131,"column":34}},"type":"binary-expr","locations":[{"start":{"line":131,"column":10},"end":{"line":131,"column":26}},{"start":{"line":131,"column":30},"end":{"line":131,"column":34}}],"line":131},"7":{"loc":{"start":{"line":132,"column":14},"end":{"line":132,"column":55}},"type":"cond-expr","locations":[{"start":{"line":132,"column":38},"end":{"line":132,"column":43}},{"start":{"line":132,"column":46},"end":{"line":132,"column":55}}],"line":132},"8":{"loc":{"start":{"line":133,"column":17},"end":{"line":133,"column":62}},"type":"binary-expr","locations":[{"start":{"line":133,"column":17},"end":{"line":133,"column":49}},{"start":{"line":133,"column":53},"end":{"line":133,"column":62}}],"line":133},"9":{"loc":{"start":{"line":134,"column":15},"end":{"line":134,"column":57}},"type":"cond-expr","locations":[{"start":{"line":134,"column":40},"end":{"line":134,"column":45}},{"start":{"line":134,"column":48},"end":{"line":134,"column":57}}],"line":134}},"s":{"0":2,"1":17,"2":2,"3":17,"4":17,"5":17,"6":17,"7":17,"8":17,"9":17,"10":17,"11":17,"12":2,"13":7,"14":7,"15":7,"16":2,"17":7,"18":2,"19":0,"20":0,"21":0,"22":0,"23":2,"24":0,"25":0,"26":0,"27":2,"28":0,"29":0},"f":{"0":17,"1":17,"2":17,"3":7,"4":0,"5":0,"6":0},"b":{"0":[17,0],"1":[0,7],"2":[2,5],"3":[0,0],"4":[0,0],"5":[0,0],"6":[0,0],"7":[0,0],"8":[0,0],"9":[0,0]},"_coverageSchema":"1a1c01bbd47fc00a2c39e90264f33305004495a9","hash":"3df88889338a88461bfd384755e8674e59d45215"}
,"C:\\Users\\ragha\\OneDrive\\Desktop\\Taskmaster\\server\\middleware\\errorHandler.js": {"path":"C:\\Users\\ragha\\OneDrive\\Desktop\\Taskmaster\\server\\middleware\\errorHandler.js","statementMap":{"0":{"start":{"line":7,"column":28},"end":{"line":69,"column":1}},"1":{"start":{"line":8,"column":20},"end":{"line":8,"column":44}},"2":{"start":{"line":9,"column":20},"end":{"line":9,"column":39}},"3":{"start":{"line":10,"column":17},"end":{"line":10,"column":44}},"4":{"start":{"line":13,"column":19},"end":{"line":13,"column":54}},"5":{"start":{"line":14,"column":16},"end":{"line":14,"column":54}},"6":{"start":{"line":15,"column":18},"end":{"line":15,"column":51}},"7":{"start":{"line":18,"column":2},"end":{"line":38,"column":3}},"8":{"start":{"line":19,"column":4},"end":{"line":19,"column":21}},"9":{"start":{"line":20,"column":4},"end":{"line":20,"column":34}},"10":{"start":{"line":21,"column":4},"end":{"line":21,"column":95}},"11":{"start":{"line":21,"column":73},"end":{"line":21,"column":82}},"12":{"start":{"line":22,"column":9},"end":{"line":38,"column":3}},"13":{"start":{"line":23,"column":4},"end":{"line":23,"column":21}},"14":{"start":{"line":24,"column":4},"end":{"line":24,"column":28}},"15":{"start":{"line":25,"column":4},"end":{"line":25,"column":34}},"16":{"start":{"line":26,"column":9},"end":{"line":38,"column":3}},"17":{"start":{"line":27,"column":4},"end":{"line":27,"column":21}},"18":{"start":{"line":28,"column":4},"end":{"line":28,"column":36}},"19":{"start":{"line":29,"column":4},"end":{"line":29,"column":67}},"20":{"start":{"line":30,"column":9},"end":{"line":38,"column":3}},"21":{"start":{"line":31,"column":4},"end":{"line":31,"column":21}},"22":{"start":{"line":32,"column":4},"end":{"line":32,"column":27}},"23":{"start":{"line":33,"column":4},"end":{"line":33,"column":30}},"24":{"start":{"line":34,"column":9},"end":{"line":38,"column":3}},"25":{"start":{"line":35,"column":4},"end":{"line":35,"column":21}},"26":{"start":{"line":36,"column":4},"end":{"line":36,"column":36}},"27":{"start":{"line":37,"column":4},"end":{"line":37,"column":30}},"28":{"start":{"line":41,"column":2},"end":{"line":56,"column":4}},"29":{"start":{"line":59,"column":2},"end":{"line":68,"column":5}},"30":{"start":{"line":75,"column":28},"end":{"line":77,"column":1}},"31":{"start":{"line":75,"column":36},"end":{"line":77,"column":1}},"32":{"start":{"line":76,"column":2},"end":{"line":76,"column":50}},"33":{"start":{"line":82,"column":31},"end":{"line":105,"column":1}},"34":{"start":{"line":83,"column":20},"end":{"line":83,"column":39}},"35":{"start":{"line":85,"column":2},"end":{"line":94,"column":4}},"36":{"start":{"line":96,"column":2},"end":{"line":104,"column":5}}},"fnMap":{"0":{"name":"(anonymous_0)","decl":{"start":{"line":7,"column":28},"end":{"line":7,"column":29}},"loc":{"start":{"line":7,"column":53},"end":{"line":69,"column":1}},"line":7},"1":{"name":"(anonymous_1)","decl":{"start":{"line":21,"column":68},"end":{"line":21,"column":69}},"loc":{"start":{"line":21,"column":73},"end":{"line":21,"column":82}},"line":21},"2":{"name":"(anonymous_2)","decl":{"start":{"line":75,"column":28},"end":{"line":75,"column":29}},"loc":{"start":{"line":75,"column":36},"end":{"line":77,"column":1}},"line":75},"3":{"name":"(anonymous_3)","decl":{"start":{"line":75,"column":36},"end":{"line":75,"column":37}},"loc":{"start":{"line":75,"column":56},"end":{"line":77,"column":1}},"line":75},"4":{"name":"(anonymous_4)","decl":{"start":{"line":82,"column":31},"end":{"line":82,"column":32}},"loc":{"start":{"line":82,"column":45},"end":{"line":105,"column":1}},"line":82}},"branchMap":{"0":{"loc":{"start":{"line":9,"column":20},"end":{"line":9,"column":39}},"type":"binary-expr","locations":[{"start":{"line":9,"column":20},"end":{"line":9,"column":26}},{"start":{"line":9,"column":30},"end":{"line":9,"column":39}}],"line":9},"1":{"loc":{"start":{"line":10,"column":17},"end":{"line":10,"column":44}},"type":"binary-expr","locations":[{"start":{"line":10,"column":17},"end":{"line":10,"column":29}},{"start":{"line":10,"column":33},"end":{"line":10,"column":44}}],"line":10},"2":{"loc":{"start":{"line":13,"column":19},"end":{"line":13,"column":54}},"type":"binary-expr","locations":[{"start":{"line":13,"column":19},"end":{"line":13,"column":33}},{"start":{"line":13,"column":37},"end":{"line":13,"column":47}},{"start":{"line":13,"column":51},"end":{"line":13,"column":54}}],"line":13},"3":{"loc":{"start":{"line":14,"column":16},"end":{"line":14,"column":54}},"type":"binary-expr","locations":[{"start":{"line":14,"column":16},"end":{"line":14,"column":27}},{"start":{"line":14,"column":31},"end":{"line":14,"column":54}}],"line":14},"4":{"loc":{"start":{"line":15,"column":18},"end":{"line":15,"column":51}},"type":"binary-expr","locations":[{"start":{"line":15,"column":18},"end":{"line":15,"column":31}},{"start":{"line":15,"column":35},"end":{"line":15,"column":51}}],"line":15},"5":{"loc":{"start":{"line":18,"column":2},"end":{"line":38,"column":3}},"type":"if","locations":[{"start":{"line":18,"column":2},"end":{"line":38,"column":3}},{"start":{"line":22,"column":9},"end":{"line":38,"column":3}}],"line":18},"6":{"loc":{"start":{"line":22,"column":9},"end":{"line":38,"column":3}},"type":"if","locations":[{"start":{"line":22,"column":9},"end":{"line":38,"column":3}},{"start":{"line":26,"column":9},"end":{"line":38,"column":3}}],"line":22},"7":{"loc":{"start":{"line":26,"column":9},"end":{"line":38,"column":3}},"type":"if","locations":[{"start":{"line":26,"column":9},"end":{"line":38,"column":3}},{"start":{"line":30,"column":9},"end":{"line":38,"column":3}}],"line":26},"8":{"loc":{"start":{"line":30,"column":9},"end":{"line":38,"column":3}},"type":"if","locations":[{"start":{"line":30,"column":9},"end":{"line":38,"column":3}},{"start":{"line":34,"column":9},"end":{"line":38,"column":3}}],"line":30},"9":{"loc":{"start":{"line":34,"column":9},"end":{"line":38,"column":3}},"type":"if","locations":[{"start":{"line":34,"column":9},"end":{"line":38,"column":3}},{"start":{},"end":{}}],"line":34},"10":{"loc":{"start":{"line":66,"column":10},"end":{"line":66,"column":72}},"type":"binary-expr","locations":[{"start":{"line":66,"column":10},"end":{"line":66,"column":48}},{"start":{"line":66,"column":52},"end":{"line":66,"column":72}}],"line":66},"11":{"loc":{"start":{"line":83,"column":20},"end":{"line":83,"column":39}},"type":"binary-expr","locations":[{"start":{"line":83,"column":20},"end":{"line":83,"column":26}},{"start":{"line":83,"column":30},"end":{"line":83,"column":39}}],"line":83}},"s":{"0":2,"1":3,"2":3,"3":3,"4":3,"5":3,"6":3,"7":3,"8":0,"9":0,"10":0,"11":0,"12":3,"13":0,"14":0,"15":0,"16":3,"17":0,"18":0,"19":0,"20":3,"21":0,"22":0,"23":0,"24":3,"25":0,"26":0,"27":0,"28":3,"29":3,"30":2,"31":27,"32":10,"33":2,"34":3,"35":3,"36":3},"f":{"0":3,"1":0,"2":27,"3":10,"4":3},"b":{"0":[3,1],"1":[3,3],"2":[3,2,0],"3":[3,0],"4":[3,3],"5":[0,3],"6":[0,3],"7":[0,3],"8":[0,3],"9":[0,3],"10":[3,0],"11":[3,0]},"_coverageSchema":"1a1c01bbd47fc00a2c39e90264f33305004495a9","hash":"7d62b3492b118580baefbc08687b30f614d0c00a"}
,"C:\\Users\\ragha\\OneDrive\\Desktop\\Taskmaster\\server\\middleware\\logMiddleware.js": {"path":"C:\\Users\\ragha\\OneDrive\\Desktop\\Taskmaster\\server\\middleware\\logMiddleware.js","statementMap":{"0":{"start":{"line":5,"column":19},"end":{"line":5,"column":49}},"1":{"start":{"line":6,"column":18},"end":{"line":6,"column":42}},"2":{"start":{"line":7,"column":16},"end":{"line":7,"column":47}},"3":{"start":{"line":8,"column":17},"end":{"line":8,"column":46}},"4":{"start":{"line":11,"column":0},"end":{"line":13,"column":1}},"5":{"start":{"line":12,"column":2},"end":{"line":12,"column":45}},"6":{"start":{"line":23,"column":25},"end":{"line":39,"column":1}},"7":{"start":{"line":24,"column":2},"end":{"line":38,"column":3}},"8":{"start":{"line":25,"column":22},"end":{"line":25,"column":46}},"9":{"start":{"line":26,"column":21},"end":{"line":33,"column":5}},"10":{"start":{"line":35,"column":4},"end":{"line":35,"column":73}},"11":{"start":{"line":37,"column":4},"end":{"line":37,"column":56}},"12":{"start":{"line":44,"column":32},"end":{"line":74,"column":1}},"13":{"start":{"line":46,"column":29},"end":{"line":51,"column":3}},"14":{"start":{"line":53,"column":2},"end":{"line":71,"column":3}},"15":{"start":{"line":53,"column":42},"end":{"line":53,"column":69}},"16":{"start":{"line":55,"column":25},"end":{"line":55,"column":33}},"17":{"start":{"line":56,"column":4},"end":{"line":70,"column":6}},"18":{"start":{"line":57,"column":25},"end":{"line":57,"column":39}},"19":{"start":{"line":58,"column":18},"end":{"line":58,"column":24}},"20":{"start":{"line":59,"column":20},"end":{"line":59,"column":47}},"21":{"start":{"line":61,"column":6},"end":{"line":65,"column":7}},"22":{"start":{"line":62,"column":8},"end":{"line":62,"column":24}},"23":{"start":{"line":63,"column":13},"end":{"line":65,"column":7}},"24":{"start":{"line":64,"column":8},"end":{"line":64,"column":23}},"25":{"start":{"line":67,"column":6},"end":{"line":67,"column":115}},"26":{"start":{"line":69,"column":6},"end":{"line":69,"column":43}},"27":{"start":{"line":73,"column":2},"end":{"line":73,"column":9}}},"fnMap":{"0":{"name":"(anonymous_0)","decl":{"start":{"line":23,"column":25},"end":{"line":23,"column":26}},"loc":{"start":{"line":23,"column":85},"end":{"line":39,"column":1}},"line":23},"1":{"name":"(anonymous_1)","decl":{"start":{"line":44,"column":32},"end":{"line":44,"column":33}},"loc":{"start":{"line":44,"column":58},"end":{"line":74,"column":1}},"line":44},"2":{"name":"(anonymous_2)","decl":{"start":{"line":53,"column":30},"end":{"line":53,"column":31}},"loc":{"start":{"line":53,"column":42},"end":{"line":53,"column":69}},"line":53},"3":{"name":"(anonymous_3)","decl":{"start":{"line":56,"column":15},"end":{"line":56,"column":16}},"loc":{"start":{"line":56,"column":31},"end":{"line":70,"column":5}},"line":56}},"branchMap":{"0":{"loc":{"start":{"line":11,"column":0},"end":{"line":13,"column":1}},"type":"if","locations":[{"start":{"line":11,"column":0},"end":{"line":13,"column":1}},{"start":{},"end":{}}],"line":11},"1":{"loc":{"start":{"line":23,"column":50},"end":{"line":23,"column":65}},"type":"default-arg","locations":[{"start":{"line":23,"column":61},"end":{"line":23,"column":65}}],"line":23},"2":{"loc":{"start":{"line":23,"column":67},"end":{"line":23,"column":80}},"type":"default-arg","locations":[{"start":{"line":23,"column":76},"end":{"line":23,"column":80}}],"line":23},"3":{"loc":{"start":{"line":53,"column":2},"end":{"line":71,"column":3}},"type":"if","locations":[{"start":{"line":53,"column":2},"end":{"line":71,"column":3}},{"start":{},"end":{}}],"line":53},"4":{"loc":{"start":{"line":61,"column":6},"end":{"line":65,"column":7}},"type":"if","locations":[{"start":{"line":61,"column":6},"end":{"line":65,"column":7}},{"start":{"line":63,"column":13},"end":{"line":65,"column":7}}],"line":61},"5":{"loc":{"start":{"line":63,"column":13},"end":{"line":65,"column":7}},"type":"if","locations":[{"start":{"line":63,"column":13},"end":{"line":65,"column":7}},{"start":{},"end":{}}],"line":63}},"s":{"0":0,"1":0,"2":0,"3":0,"4":0,"5":0,"6":0,"7":0,"8":0,"9":0,"10":0,"11":0,"12":0,"13":0,"14":0,"15":0,"16":0,"17":0,"18":0,"19":0,"20":0,"21":0,"22":0,"23":0,"24":0,"25":0,"26":0,"27":0},"f":{"0":0,"1":0,"2":0,"3":0},"b":{"0":[0,0],"1":[0],"2":[0],"3":[0,0],"4":[0,0],"5":[0,0]}}
,"C:\\Users\\ragha\\OneDrive\\Desktop\\Taskmaster\\server\\middleware\\validationMiddleware.js": {"path":"C:\\Users\\ragha\\OneDrive\\Desktop\\Taskmaster\\server\\middleware\\validationMiddleware.js","statementMap":{"0":{"start":{"line":3,"column":38},"end":{"line":13,"column":1}},"1":{"start":{"line":4,"column":17},"end":{"line":4,"column":38}},"2":{"start":{"line":5,"column":2},"end":{"line":11,"column":3}},"3":{"start":{"line":6,"column":4},"end":{"line":6,"column":67}},"4":{"start":{"line":7,"column":4},"end":{"line":10,"column":7}},"5":{"start":{"line":12,"column":2},"end":{"line":12,"column":9}}},"fnMap":{"0":{"name":"(anonymous_0)","decl":{"start":{"line":3,"column":38},"end":{"line":3,"column":39}},"loc":{"start":{"line":3,"column":58},"end":{"line":13,"column":1}},"line":3}},"branchMap":{"0":{"loc":{"start":{"line":5,"column":2},"end":{"line":11,"column":3}},"type":"if","locations":[{"start":{"line":5,"column":2},"end":{"line":11,"column":3}},{"start":{},"end":{}}],"line":5}},"s":{"0":0,"1":0,"2":0,"3":0,"4":0,"5":0},"f":{"0":0},"b":{"0":[0,0]}}
,"C:\\Users\\ragha\\OneDrive\\Desktop\\Taskmaster\\server\\models\\Log.js": {"path":"C:\\Users\\ragha\\OneDrive\\Desktop\\Taskmaster\\server\\models\\Log.js","statementMap":{"0":{"start":{"line":3,"column":18},"end":{"line":42,"column":24}},"1":{"start":{"line":45,"column":0},"end":{"line":50,"column":2}},"2":{"start":{"line":52,"column":12},"end":{"line":52,"column":44}}},"fnMap":{},"branchMap":{},"s":{"0":0,"1":0,"2":0},"f":{},"b":{}}
,"C:\\Users\\ragha\\OneDrive\\Desktop\\Taskmaster\\server\\models\\Task.js": {"path":"C:\\Users\\ragha\\OneDrive\\Desktop\\Taskmaster\\server\\models\\Task.js","statementMap":{"0":{"start":{"line":3,"column":19},"end":{"line":22,"column":24}},"1":{"start":{"line":24,"column":13},"end":{"line":24,"column":47}}},"fnMap":{},"branchMap":{},"s":{"0":0,"1":0},"f":{},"b":{}}
,"C:\\Users\\ragha\\OneDrive\\Desktop\\Taskmaster\\server\\models\\User.js": {"path":"C:\\Users\\ragha\\OneDrive\\Desktop\\Taskmaster\\server\\models\\User.js","statementMap":{"0":{"start":{"line":3,"column":19},"end":{"line":17,"column":24}},"1":{"start":{"line":19,"column":13},"end":{"line":19,"column":47}}},"fnMap":{},"branchMap":{},"s":{"0":0,"1":0},"f":{},"b":{}}
,"C:\\Users\\ragha\\OneDrive\\Desktop\\Taskmaster\\server\\routes\\adminRoutes.js": {"path":"C:\\Users\\ragha\\OneDrive\\Desktop\\Taskmaster\\server\\routes\\adminRoutes.js","statementMap":{"0":{"start":{"line":6,"column":15},"end":{"line":6,"column":31}},"1":{"start":{"line":9,"column":0},"end":{"line":9,"column":49}},"2":{"start":{"line":10,"column":0},"end":{"line":10,"column":54}},"3":{"start":{"line":11,"column":0},"end":{"line":11,"column":54}},"4":{"start":{"line":12,"column":0},"end":{"line":12,"column":64}},"5":{"start":{"line":13,"column":0},"end":{"line":13,"column":75}},"6":{"start":{"line":14,"column":0},"end":{"line":14,"column":51}}},"fnMap":{},"branchMap":{},"s":{"0":0,"1":0,"2":0,"3":0,"4":0,"5":0,"6":0},"f":{},"b":{}}
,"C:\\Users\\ragha\\OneDrive\\Desktop\\Taskmaster\\server\\routes\\authRoutes.js": {"path":"C:\\Users\\ragha\\OneDrive\\Desktop\\Taskmaster\\server\\routes\\authRoutes.js","statementMap":{"0":{"start":{"line":7,"column":15},"end":{"line":7,"column":31}},"1":{"start":{"line":9,"column":0},"end":{"line":18,"column":2}},"2":{"start":{"line":20,"column":0},"end":{"line":28,"column":2}},"3":{"start":{"line":30,"column":0},"end":{"line":30,"column":34}}},"fnMap":{},"branchMap":{},"s":{"0":0,"1":0,"2":0,"3":0},"f":{},"b":{}}
,"C:\\Users\\ragha\\OneDrive\\Desktop\\Taskmaster\\server\\routes\\taskRoutes.js": {"path":"C:\\Users\\ragha\\OneDrive\\Desktop\\Taskmaster\\server\\routes\\taskRoutes.js","statementMap":{"0":{"start":{"line":5,"column":15},"end":{"line":5,"column":31}},"1":{"start":{"line":7,"column":0},"end":{"line":9,"column":31}},"2":{"start":{"line":11,"column":0},"end":{"line":11,"column":59}},"3":{"start":{"line":12,"column":0},"end":{"line":12,"column":49}}},"fnMap":{},"branchMap":{},"s":{"0":0,"1":0,"2":0,"3":0},"f":{},"b":{}}
,"C:\\Users\\ragha\\OneDrive\\Desktop\\Taskmaster\\server\\routes\\userRoutes.js": {"path":"C:\\Users\\ragha\\OneDrive\\Desktop\\Taskmaster\\server\\routes\\userRoutes.js","statementMap":{"0":{"start":{"line":5,"column":15},"end":{"line":5,"column":31}},"1":{"start":{"line":7,"column":0},"end":{"line":7,"column":71}},"2":{"start":{"line":8,"column":0},"end":{"line":8,"column":73}},"3":{"start":{"line":9,"column":0},"end":{"line":9,"column":41}},"4":{"start":{"line":10,"column":0},"end":{"line":10,"column":44}},"5":{"start":{"line":11,"column":0},"end":{"line":11,"column":47}},"6":{"start":{"line":13,"column":0},"end":{"line":13,"column":44}}},"fnMap":{},"branchMap":{},"s":{"0":0,"1":0,"2":0,"3":0,"4":0,"5":0,"6":0},"f":{},"b":{}}
,"C:\\Users\\ragha\\OneDrive\\Desktop\\Taskmaster\\server\\utils\\logger.js": {"path":"C:\\Users\\ragha\\OneDrive\\Desktop\\Taskmaster\\server\\utils\\logger.js","statementMap":{"0":{"start":{"line":5,"column":19},"end":{"line":5,"column":49}},"1":{"start":{"line":6,"column":18},"end":{"line":6,"column":42}},"2":{"start":{"line":7,"column":16},"end":{"line":7,"column":47}},"3":{"start":{"line":10,"column":0},"end":{"line":12,"column":1}},"4":{"start":{"line":11,"column":2},"end":{"line":11,"column":45}},"5":{"start":{"line":14,"column":17},"end":{"line":14,"column":46}},"6":{"start":{"line":15,"column":19},"end":{"line":15,"column":51}},"7":{"start":{"line":16,"column":18},"end":{"line":16,"column":49}},"8":{"start":{"line":19,"column":26},"end":{"line":25,"column":1}},"9":{"start":{"line":28,"column":19},"end":{"line":28,"column":89}},"10":{"start":{"line":29,"column":23},"end":{"line":29,"column":61}},"11":{"start":{"line":30,"column":20},"end":{"line":30,"column":57}},"12":{"start":{"line":35,"column":21},"end":{"line":44,"column":1}},"13":{"start":{"line":36,"column":17},"end":{"line":42,"column":3}},"14":{"start":{"line":43,"column":2},"end":{"line":43,"column":29}},"15":{"start":{"line":46,"column":19},"end":{"line":46,"column":28}},"16":{"start":{"line":51,"column":19},"end":{"line":101,"column":1}},"17":{"start":{"line":52,"column":20},"end":{"line":52,"column":44}},"18":{"start":{"line":53,"column":14},"end":{"line":53,"column":25}},"19":{"start":{"line":55,"column":19},"end":{"line":64,"column":3}},"20":{"start":{"line":67,"column":2},"end":{"line":71,"column":3}},"21":{"start":{"line":68,"column":4},"end":{"line":68,"column":73}},"22":{"start":{"line":70,"column":4},"end":{"line":70,"column":64}},"23":{"start":{"line":74,"column":2},"end":{"line":80,"column":3}},"24":{"start":{"line":75,"column":4},"end":{"line":79,"column":5}},"25":{"start":{"line":76,"column":6},"end":{"line":76,"column":77}},"26":{"start":{"line":78,"column":6},"end":{"line":78,"column":69}},"27":{"start":{"line":83,"column":2},"end":{"line":89,"column":3}},"28":{"start":{"line":84,"column":4},"end":{"line":88,"column":5}},"29":{"start":{"line":85,"column":6},"end":{"line":85,"column":76}},"30":{"start":{"line":87,"column":6},"end":{"line":87,"column":68}},"31":{"start":{"line":92,"column":2},"end":{"line":100,"column":3}},"32":{"start":{"line":93,"column":18},"end":{"line":93,"column":37}},"33":{"start":{"line":94,"column":19},"end":{"line":94,"column":81}},"34":{"start":{"line":95,"column":28},"end":{"line":97,"column":15}},"35":{"start":{"line":99,"column":4},"end":{"line":99,"column":69}},"36":{"start":{"line":106,"column":22},"end":{"line":138,"column":1}},"37":{"start":{"line":108,"column":4},"end":{"line":110,"column":5}},"38":{"start":{"line":109,"column":6},"end":{"line":109,"column":70}},"39":{"start":{"line":114,"column":4},"end":{"line":114,"column":67}},"40":{"start":{"line":118,"column":4},"end":{"line":118,"column":67}},"41":{"start":{"line":122,"column":21},"end":{"line":126,"column":12}},"42":{"start":{"line":127,"column":4},"end":{"line":127,"column":68}},"43":{"start":{"line":131,"column":21},"end":{"line":135,"column":12}},"44":{"start":{"line":136,"column":4},"end":{"line":136,"column":71}},"45":{"start":{"line":143,"column":28},"end":{"line":153,"column":2}},"46":{"start":{"line":143,"column":35},"end":{"line":153,"column":1}}},"fnMap":{"0":{"name":"(anonymous_0)","decl":{"start":{"line":35,"column":21},"end":{"line":35,"column":22}},"loc":{"start":{"line":35,"column":32},"end":{"line":44,"column":1}},"line":35},"1":{"name":"(anonymous_1)","decl":{"start":{"line":51,"column":19},"end":{"line":51,"column":20}},"loc":{"start":{"line":51,"column":87},"end":{"line":101,"column":1}},"line":51},"2":{"name":"(anonymous_2)","decl":{"start":{"line":107,"column":9},"end":{"line":107,"column":10}},"loc":{"start":{"line":107,"column":70},"end":{"line":111,"column":3}},"line":107},"3":{"name":"(anonymous_3)","decl":{"start":{"line":113,"column":8},"end":{"line":113,"column":9}},"loc":{"start":{"line":113,"column":69},"end":{"line":115,"column":3}},"line":113},"4":{"name":"(anonymous_4)","decl":{"start":{"line":117,"column":8},"end":{"line":117,"column":9}},"loc":{"start":{"line":117,"column":69},"end":{"line":119,"column":3}},"line":117},"5":{"name":"(anonymous_5)","decl":{"start":{"line":121,"column":9},"end":{"line":121,"column":10}},"loc":{"start":{"line":121,"column":67},"end":{"line":128,"column":3}},"line":121},"6":{"name":"(anonymous_6)","decl":{"start":{"line":130,"column":12},"end":{"line":130,"column":13}},"loc":{"start":{"line":130,"column":70},"end":{"line":137,"column":3}},"line":130},"7":{"name":"(anonymous_7)","decl":{"start":{"line":143,"column":28},"end":{"line":143,"column":29}},"loc":{"start":{"line":143,"column":35},"end":{"line":153,"column":1}},"line":143}},"branchMap":{"0":{"loc":{"start":{"line":10,"column":0},"end":{"line":12,"column":1}},"type":"if","locations":[{"start":{"line":10,"column":0},"end":{"line":12,"column":1}},{"start":{},"end":{}}],"line":10},"1":{"loc":{"start":{"line":28,"column":19},"end":{"line":28,"column":89}},"type":"binary-expr","locations":[{"start":{"line":28,"column":19},"end":{"line":28,"column":47}},{"start":{"line":28,"column":51},"end":{"line":28,"column":89}}],"line":28},"2":{"loc":{"start":{"line":30,"column":20},"end":{"line":30,"column":57}},"type":"binary-expr","locations":[{"start":{"line":30,"column":20},"end":{"line":30,"column":40}},{"start":{"line":30,"column":44},"end":{"line":30,"column":57}}],"line":30},"3":{"loc":{"start":{"line":43,"column":9},"end":{"line":43,"column":28}},"type":"binary-expr","locations":[{"start":{"line":43,"column":9},"end":{"line":43,"column":22}},{"start":{"line":43,"column":26},"end":{"line":43,"column":28}}],"line":43},"4":{"loc":{"start":{"line":51,"column":36},"end":{"line":51,"column":50}},"type":"default-arg","locations":[{"start":{"line":51,"column":45},"end":{"line":51,"column":50}}],"line":51},"5":{"loc":{"start":{"line":51,"column":52},"end":{"line":51,"column":67}},"type":"default-arg","locations":[{"start":{"line":51,"column":63},"end":{"line":51,"column":67}}],"line":51},"6":{"loc":{"start":{"line":51,"column":69},"end":{"line":51,"column":82}},"type":"default-arg","locations":[{"start":{"line":51,"column":78},"end":{"line":51,"column":82}}],"line":51},"7":{"loc":{"start":{"line":74,"column":2},"end":{"line":80,"column":3}},"type":"if","locations":[{"start":{"line":74,"column":2},"end":{"line":80,"column":3}},{"start":{},"end":{}}],"line":74},"8":{"loc":{"start":{"line":83,"column":2},"end":{"line":89,"column":3}},"type":"if","locations":[{"start":{"line":83,"column":2},"end":{"line":89,"column":3}},{"start":{},"end":{}}],"line":83},"9":{"loc":{"start":{"line":83,"column":6},"end":{"line":83,"column":46}},"type":"binary-expr","locations":[{"start":{"line":83,"column":6},"end":{"line":83,"column":16}},{"start":{"line":83,"column":20},"end":{"line":83,"column":46}}],"line":83},"10":{"loc":{"start":{"line":92,"column":2},"end":{"line":100,"column":3}},"type":"if","locations":[{"start":{"line":92,"column":2},"end":{"line":100,"column":3}},{"start":{},"end":{}}],"line":92},"11":{"loc":{"start":{"line":95,"column":28},"end":{"line":97,"column":15}},"type":"cond-expr","locations":[{"start":{"line":96,"column":8},"end":{"line":96,"column":50}},{"start":{"line":97,"column":8},"end":{"line":97,"column":15}}],"line":95},"12":{"loc":{"start":{"line":107,"column":19},"end":{"line":107,"column":33}},"type":"default-arg","locations":[{"start":{"line":107,"column":28},"end":{"line":107,"column":33}}],"line":107},"13":{"loc":{"start":{"line":107,"column":35},"end":{"line":107,"column":50}},"type":"default-arg","locations":[{"start":{"line":107,"column":46},"end":{"line":107,"column":50}}],"line":107},"14":{"loc":{"start":{"line":107,"column":52},"end":{"line":107,"column":65}},"type":"default-arg","locations":[{"start":{"line":107,"column":61},"end":{"line":107,"column":65}}],"line":107},"15":{"loc":{"start":{"line":108,"column":4},"end":{"line":110,"column":5}},"type":"if","locations":[{"start":{"line":108,"column":4},"end":{"line":110,"column":5}},{"start":{},"end":{}}],"line":108},"16":{"loc":{"start":{"line":113,"column":18},"end":{"line":113,"column":32}},"type":"default-arg","locations":[{"start":{"line":113,"column":27},"end":{"line":113,"column":32}}],"line":113},"17":{"loc":{"start":{"line":113,"column":34},"end":{"line":113,"column":49}},"type":"default-arg","locations":[{"start":{"line":113,"column":45},"end":{"line":113,"column":49}}],"line":113},"18":{"loc":{"start":{"line":113,"column":51},"end":{"line":113,"column":64}},"type":"default-arg","locations":[{"start":{"line":113,"column":60},"end":{"line":113,"column":64}}],"line":113},"19":{"loc":{"start":{"line":117,"column":18},"end":{"line":117,"column":32}},"type":"default-arg","locations":[{"start":{"line":117,"column":27},"end":{"line":117,"column":32}}],"line":117},"20":{"loc":{"start":{"line":117,"column":34},"end":{"line":117,"column":49}},"type":"default-arg","locations":[{"start":{"line":117,"column":45},"end":{"line":117,"column":49}}],"line":117},"21":{"loc":{"start":{"line":117,"column":51},"end":{"line":117,"column":64}},"type":"default-arg","locations":[{"start":{"line":117,"column":60},"end":{"line":117,"column":64}}],"line":117},"22":{"loc":{"start":{"line":121,"column":19},"end":{"line":121,"column":33}},"type":"default-arg","locations":[{"start":{"line":121,"column":28},"end":{"line":121,"column":33}}],"line":121},"23":{"loc":{"start":{"line":121,"column":35},"end":{"line":121,"column":47}},"type":"default-arg","locations":[{"start":{"line":121,"column":43},"end":{"line":121,"column":47}}],"line":121},"24":{"loc":{"start":{"line":121,"column":49},"end":{"line":121,"column":62}},"type":"default-arg","locations":[{"start":{"line":121,"column":58},"end":{"line":121,"column":62}}],"line":121},"25":{"loc":{"start":{"line":122,"column":21},"end":{"line":126,"column":12}},"type":"cond-expr","locations":[{"start":{"line":122,"column":29},"end":{"line":126,"column":5}},{"start":{"line":126,"column":8},"end":{"line":126,"column":12}}],"line":122},"26":{"loc":{"start":{"line":130,"column":22},"end":{"line":130,"column":36}},"type":"default-arg","locations":[{"start":{"line":130,"column":31},"end":{"line":130,"column":36}}],"line":130},"27":{"loc":{"start":{"line":130,"column":38},"end":{"line":130,"column":50}},"type":"default-arg","locations":[{"start":{"line":130,"column":46},"end":{"line":130,"column":50}}],"line":130},"28":{"loc":{"start":{"line":130,"column":52},"end":{"line":130,"column":65}},"type":"default-arg","locations":[{"start":{"line":130,"column":61},"end":{"line":130,"column":65}}],"line":130},"29":{"loc":{"start":{"line":131,"column":21},"end":{"line":135,"column":12}},"type":"cond-expr","locations":[{"start":{"line":131,"column":29},"end":{"line":135,"column":5}},{"start":{"line":135,"column":8},"end":{"line":135,"column":12}}],"line":131}},"s":{"0":3,"1":3,"2":3,"3":3,"4":0,"5":3,"6":3,"7":3,"8":3,"9":3,"10":3,"11":3,"12":3,"13":17,"14":17,"15":3,"16":3,"17":17,"18":17,"19":17,"20":17,"21":17,"22":0,"23":17,"24":7,"25":7,"26":0,"27":17,"28":0,"29":0,"30":0,"31":17,"32":17,"33":17,"34":17,"35":17,"36":3,"37":36,"38":0,"39":5,"40":5,"41":6,"42":6,"43":1,"44":1,"45":3,"46":5},"f":{"0":17,"1":17,"2":36,"3":5,"4":5,"5":6,"6":1,"7":5},"b":{"0":[0,3],"1":[3,3],"2":[3,0],"3":[17,0],"4":[0],"5":[0],"6":[0],"7":[7,10],"8":[0,17],"9":[17,0],"10":[17,0],"11":[11,6],"12":[0],"13":[0],"14":[36],"15":[0,36],"16":[0],"17":[3],"18":[4],"19":[0],"20":[2],"21":[5],"22":[0],"23":[0],"24":[3],"25":[6,0],"26":[0],"27":[0],"28":[1],"29":[1,0]},"_coverageSchema":"1a1c01bbd47fc00a2c39e90264f33305004495a9","hash":"636ebe0f58b4b7a742a8b1a8cc19999025e8c16a"}
}
