TN:
SF:controllers\adminController.js
FN:8,(anonymous_0)
FN:25,(anonymous_1)
FN:38,(anonymous_2)
FN:45,(anonymous_3)
FN:66,(anonymous_4)
FN:76,(anonymous_5)
FN:96,(anonymous_6)
FN:137,(anonymous_7)
FNF:8
FNH:0
FNDA:0,(anonymous_0)
FNDA:0,(anonymous_1)
FNDA:0,(anonymous_2)
FNDA:0,(anonymous_3)
FNDA:0,(anonymous_4)
FNDA:0,(anonymous_5)
FNDA:0,(anonymous_6)
FNDA:0,(anonymous_7)
DA:8,0
DA:9,0
DA:10,0
DA:15,0
DA:17,0
DA:18,0
DA:25,0
DA:26,0
DA:27,0
DA:28,0
DA:30,0
DA:31,0
DA:38,0
DA:39,0
DA:40,0
DA:45,0
DA:46,0
DA:47,0
DA:49,0
DA:56,0
DA:58,0
DA:59,0
DA:66,0
DA:67,0
DA:68,0
DA:69,0
DA:70,0
DA:73,0
DA:74,0
DA:76,0
DA:78,0
DA:86,0
DA:88,0
DA:89,0
DA:96,0
DA:97,0
DA:98,0
DA:101,0
DA:102,0
DA:105,0
DA:106,0
DA:107,0
DA:111,0
DA:112,0
DA:116,0
DA:119,0
DA:125,0
DA:127,0
DA:129,0
DA:130,0
DA:137,0
DA:138,0
DA:139,0
DA:141,0
DA:147,0
DA:148,0
DA:151,0
DA:153,0
DA:154,0
LF:59
LH:0
BRDA:52,0,0,0
BRDA:52,0,1,0
BRDA:83,1,0,0
BRDA:83,1,1,0
BRDA:101,2,0,0
BRDA:101,2,1,0
BRDA:106,3,0,0
BRDA:106,3,1,0
BRDA:111,4,0,0
BRDA:111,4,1,0
BRDA:147,5,0,0
BRDA:147,5,1,0
BRF:12
BRH:0
end_of_record
TN:
SF:controllers\authController.js
FN:6,(anonymous_0)
FN:15,(anonymous_1)
FN:79,(anonymous_2)
FN:147,(anonymous_3)
FNF:4
FNH:0
FNDA:0,(anonymous_0)
FNDA:0,(anonymous_1)
FNDA:0,(anonymous_2)
FNDA:0,(anonymous_3)
DA:6,0
DA:7,0
DA:15,0
DA:16,0
DA:18,0
DA:19,0
DA:20,0
DA:21,0
DA:22,0
DA:24,0
DA:25,0
DA:26,0
DA:27,0
DA:28,0
DA:29,0
DA:32,0
DA:33,0
DA:34,0
DA:35,0
DA:36,0
DA:39,0
DA:40,0
DA:46,0
DA:47,0
DA:48,0
DA:50,0
DA:51,0
DA:53,0
DA:54,0
DA:56,0
DA:67,0
DA:68,0
DA:70,0
DA:71,0
DA:72,0
DA:79,0
DA:80,0
DA:82,0
DA:83,0
DA:84,0
DA:85,0
DA:86,0
DA:88,0
DA:89,0
DA:90,0
DA:91,0
DA:92,0
DA:95,0
DA:96,0
DA:100,0
DA:101,0
DA:102,0
DA:105,0
DA:106,0
DA:107,0
DA:108,0
DA:109,0
DA:112,0
DA:115,0
DA:116,0
DA:117,0
DA:118,0
DA:120,0
DA:121,0
DA:123,0
DA:134,0
DA:135,0
DA:136,0
DA:138,0
DA:139,0
DA:140,0
DA:147,0
DA:149,0
DA:150,0
DA:151,0
DA:153,0
DA:154,0
LF:77
LH:0
BRDA:24,0,0,0
BRDA:24,0,1,0
BRDA:24,1,0,0
BRDA:24,1,1,0
BRDA:24,1,2,0
BRDA:34,2,0,0
BRDA:34,2,1,0
BRDA:88,3,0,0
BRDA:88,3,1,0
BRDA:88,4,0,0
BRDA:88,4,1,0
BRDA:100,5,0,0
BRDA:100,5,1,0
BRDA:107,6,0,0
BRDA:107,6,1,0
BRDA:116,7,0,0
BRDA:116,7,1,0
BRF:17
BRH:0
end_of_record
TN:
SF:controllers\taskController.js
FN:8,(anonymous_0)
FN:54,(anonymous_1)
FN:74,(anonymous_2)
FN:112,(anonymous_3)
FNF:4
FNH:0
FNDA:0,(anonymous_0)
FNDA:0,(anonymous_1)
FNDA:0,(anonymous_2)
FNDA:0,(anonymous_3)
DA:8,0
DA:9,0
DA:11,0
DA:13,0
DA:14,0
DA:18,0
DA:19,0
DA:21,0
DA:32,0
DA:35,0
DA:36,0
DA:42,0
DA:45,0
DA:47,0
DA:54,0
DA:55,0
DA:57,0
DA:64,0
DA:66,0
DA:67,0
DA:74,0
DA:75,0
DA:77,0
DA:78,0
DA:80,0
DA:81,0
DA:85,0
DA:86,0
DA:89,0
DA:90,0
DA:92,0
DA:95,0
DA:96,0
DA:98,0
DA:101,0
DA:104,0
DA:105,0
DA:112,0
DA:113,0
DA:114,0
DA:115,0
DA:117,0
DA:118,0
DA:122,0
DA:123,0
DA:124,0
DA:126,0
DA:127,0
DA:130,0
DA:133,0
DA:134,0
DA:140,0
DA:143,0
DA:145,0
DA:146,0
LF:55
LH:0
BRDA:13,0,0,0
BRDA:13,0,1,0
BRDA:13,1,0,0
BRDA:13,1,1,0
BRDA:18,2,0,0
BRDA:18,2,1,0
BRDA:80,3,0,0
BRDA:80,3,1,0
BRDA:85,4,0,0
BRDA:85,4,1,0
BRDA:85,5,0,0
BRDA:85,5,1,0
BRDA:90,6,0,0
BRDA:90,6,1,0
BRDA:117,7,0,0
BRDA:117,7,1,0
BRDA:126,8,0,0
BRDA:126,8,1,0
BRDA:126,9,0,0
BRDA:126,9,1,0
BRDA:126,10,0,0
BRDA:126,10,1,0
BRF:22
BRH:0
end_of_record
TN:
SF:controllers\userController.js
FN:7,(anonymous_0)
FN:27,(anonymous_1)
FN:48,(anonymous_2)
FN:89,(anonymous_3)
FN:128,(anonymous_4)
FN:149,(anonymous_5)
FN:204,(anonymous_6)
FNF:7
FNH:0
FNDA:0,(anonymous_0)
FNDA:0,(anonymous_1)
FNDA:0,(anonymous_2)
FNDA:0,(anonymous_3)
FNDA:0,(anonymous_4)
FNDA:0,(anonymous_5)
FNDA:0,(anonymous_6)
DA:7,0
DA:8,0
DA:9,0
DA:10,0
DA:12,0
DA:14,0
DA:16,0
DA:17,0
DA:18,0
DA:22,0
DA:23,0
DA:24,0
DA:27,0
DA:28,0
DA:34,0
DA:37,0
DA:38,0
DA:40,0
DA:41,0
DA:48,0
DA:49,0
DA:58,0
DA:59,0
DA:60,0
DA:62,0
DA:63,0
DA:67,0
DA:71,0
DA:78,0
DA:79,0
DA:81,0
DA:82,0
DA:89,0
DA:90,0
DA:92,0
DA:93,0
DA:94,0
DA:95,0
DA:97,0
DA:100,0
DA:102,0
DA:103,0
DA:111,0
DA:117,0
DA:118,0
DA:120,0
DA:121,0
DA:128,0
DA:129,0
DA:130,0
DA:131,0
DA:133,0
DA:135,0
DA:136,0
DA:137,0
DA:139,0
DA:141,0
DA:142,0
DA:149,0
DA:150,0
DA:152,0
DA:153,0
DA:154,0
DA:155,0
DA:159,0
DA:160,0
DA:161,0
DA:162,0
DA:164,0
DA:168,0
DA:169,0
DA:170,0
DA:172,0
DA:173,0
DA:174,0
DA:176,0
DA:177,0
DA:181,0
DA:182,0
DA:185,0
DA:187,0
DA:196,0
DA:197,0
DA:204,0
DA:205,0
DA:206,0
DA:207,0
DA:208,0
DA:210,0
DA:212,0
DA:213,0
DA:218,0
DA:219,0
LF:93
LH:0
BRDA:16,0,0,0
BRDA:16,0,1,0
BRDA:22,1,0,0
BRDA:22,1,1,0
BRDA:22,2,0,0
BRDA:22,2,1,0
BRDA:23,3,0,0
BRDA:23,3,1,0
BRDA:49,4,0,0
BRDA:49,4,1,0
BRDA:63,5,0,0
BRDA:63,5,1,0
BRDA:63,6,0,0
BRDA:63,6,1,0
BRDA:67,7,0,0
BRDA:67,7,1,0
BRDA:100,8,0,0
BRDA:100,8,1,0
BRDA:100,9,0,0
BRDA:100,9,1,0
BRDA:100,9,2,0
BRDA:100,9,3,0
BRDA:154,10,0,0
BRDA:154,10,1,0
BRDA:159,11,0,0
BRDA:159,11,1,0
BRDA:161,12,0,0
BRDA:161,12,1,0
BRDA:168,13,0,0
BRDA:168,13,1,0
BRDA:169,14,0,0
BRDA:169,14,1,0
BRDA:173,15,0,0
BRDA:173,15,1,0
BRDA:181,16,0,0
BRDA:181,16,1,0
BRDA:207,17,0,0
BRDA:207,17,1,0
BRF:38
BRH:0
end_of_record
TN:
SF:middleware\adminMiddleware.js
FN:5,(anonymous_0)
FNF:1
FNH:0
FNDA:0,(anonymous_0)
DA:5,0
DA:6,0
DA:7,0
DA:9,0
DA:10,0
DA:13,0
DA:14,0
DA:17,0
DA:19,0
DA:20,0
LF:10
LH:0
BRDA:9,0,0,0
BRDA:9,0,1,0
BRDA:13,1,0,0
BRDA:13,1,1,0
BRF:4
BRH:0
end_of_record
TN:
SF:middleware\authMiddleware.js
FN:4,(anonymous_0)
FNF:1
FNH:0
FNDA:0,(anonymous_0)
DA:4,0
DA:7,0
DA:8,0
DA:9,0
DA:10,0
DA:12,0
DA:13,0
DA:15,0
DA:16,0
DA:17,0
DA:20,0
DA:21,0
DA:23,0
DA:24,0
DA:28,0
DA:29,0
LF:16
LH:0
BRDA:7,0,0,0
BRDA:7,0,1,0
BRDA:7,1,0,0
BRDA:7,1,1,0
BRDA:15,2,0,0
BRDA:15,2,1,0
BRF:6
BRH:0
end_of_record
TN:
SF:middleware\debugMiddleware.js
FN:6,(anonymous_0)
FN:15,(anonymous_1)
FN:40,(anonymous_2)
FN:66,(anonymous_3)
FN:93,(anonymous_4)
FN:116,(anonymous_5)
FN:128,(anonymous_6)
FNF:7
FNH:4
FNDA:17,(anonymous_0)
FNDA:17,(anonymous_1)
FNDA:17,(anonymous_2)
FNDA:7,(anonymous_3)
FNDA:0,(anonymous_4)
FNDA:0,(anonymous_5)
FNDA:0,(anonymous_6)
DA:6,2
DA:7,17
DA:15,2
DA:17,17
DA:20,17
DA:23,17
DA:39,17
DA:40,17
DA:41,17
DA:43,17
DA:56,17
DA:59,17
DA:66,2
DA:67,7
DA:68,7
DA:72,7
DA:73,2
DA:86,7
DA:93,2
DA:94,0
DA:96,0
DA:97,0
DA:110,0
DA:116,2
DA:117,0
DA:119,0
DA:121,0
DA:128,2
DA:129,0
DA:138,0
LF:30
LH:21
BRDA:52,0,0,17
BRDA:52,0,1,0
BRDA:68,1,0,0
BRDA:68,1,1,7
BRDA:72,2,0,2
BRDA:72,2,1,5
BRDA:96,3,0,0
BRDA:96,3,1,0
BRDA:96,4,0,0
BRDA:96,4,1,0
BRDA:104,5,0,0
BRDA:104,5,1,0
BRDA:131,6,0,0
BRDA:131,6,1,0
BRDA:132,7,0,0
BRDA:132,7,1,0
BRDA:133,8,0,0
BRDA:133,8,1,0
BRDA:134,9,0,0
BRDA:134,9,1,0
BRF:20
BRH:4
end_of_record
TN:
SF:middleware\errorHandler.js
FN:7,(anonymous_0)
FN:21,(anonymous_1)
FN:75,(anonymous_2)
FN:75,(anonymous_3)
FN:82,(anonymous_4)
FNF:5
FNH:4
FNDA:3,(anonymous_0)
FNDA:0,(anonymous_1)
FNDA:27,(anonymous_2)
FNDA:10,(anonymous_3)
FNDA:3,(anonymous_4)
DA:7,2
DA:8,3
DA:9,3
DA:10,3
DA:13,3
DA:14,3
DA:15,3
DA:18,3
DA:19,0
DA:20,0
DA:21,0
DA:22,3
DA:23,0
DA:24,0
DA:25,0
DA:26,3
DA:27,0
DA:28,0
DA:29,0
DA:30,3
DA:31,0
DA:32,0
DA:33,0
DA:34,3
DA:35,0
DA:36,0
DA:37,0
DA:41,3
DA:59,3
DA:75,27
DA:76,10
DA:82,2
DA:83,3
DA:85,3
DA:96,3
LF:35
LH:20
BRDA:9,0,0,3
BRDA:9,0,1,1
BRDA:10,1,0,3
BRDA:10,1,1,3
BRDA:13,2,0,3
BRDA:13,2,1,2
BRDA:13,2,2,0
BRDA:14,3,0,3
BRDA:14,3,1,0
BRDA:15,4,0,3
BRDA:15,4,1,3
BRDA:18,5,0,0
BRDA:18,5,1,3
BRDA:22,6,0,0
BRDA:22,6,1,3
BRDA:26,7,0,0
BRDA:26,7,1,3
BRDA:30,8,0,0
BRDA:30,8,1,3
BRDA:34,9,0,0
BRDA:34,9,1,3
BRDA:66,10,0,3
BRDA:66,10,1,0
BRDA:83,11,0,3
BRDA:83,11,1,0
BRF:25
BRH:16
end_of_record
TN:
SF:middleware\logMiddleware.js
FN:23,(anonymous_0)
FN:44,(anonymous_1)
FN:53,(anonymous_2)
FN:56,(anonymous_3)
FNF:4
FNH:0
FNDA:0,(anonymous_0)
FNDA:0,(anonymous_1)
FNDA:0,(anonymous_2)
FNDA:0,(anonymous_3)
DA:5,0
DA:6,0
DA:7,0
DA:8,0
DA:11,0
DA:12,0
DA:23,0
DA:24,0
DA:25,0
DA:26,0
DA:35,0
DA:37,0
DA:44,0
DA:46,0
DA:53,0
DA:55,0
DA:56,0
DA:57,0
DA:58,0
DA:59,0
DA:61,0
DA:62,0
DA:63,0
DA:64,0
DA:67,0
DA:69,0
DA:73,0
LF:27
LH:0
BRDA:11,0,0,0
BRDA:11,0,1,0
BRDA:23,1,0,0
BRDA:23,2,0,0
BRDA:53,3,0,0
BRDA:53,3,1,0
BRDA:61,4,0,0
BRDA:61,4,1,0
BRDA:63,5,0,0
BRDA:63,5,1,0
BRF:10
BRH:0
end_of_record
TN:
SF:middleware\validationMiddleware.js
FN:3,(anonymous_0)
FNF:1
FNH:0
FNDA:0,(anonymous_0)
DA:3,0
DA:4,0
DA:5,0
DA:6,0
DA:7,0
DA:12,0
LF:6
LH:0
BRDA:5,0,0,0
BRDA:5,0,1,0
BRF:2
BRH:0
end_of_record
TN:
SF:models\Log.js
FNF:0
FNH:0
DA:3,0
DA:45,0
DA:52,0
LF:3
LH:0
BRF:0
BRH:0
end_of_record
TN:
SF:models\Task.js
FNF:0
FNH:0
DA:3,0
DA:24,0
LF:2
LH:0
BRF:0
BRH:0
end_of_record
TN:
SF:models\User.js
FNF:0
FNH:0
DA:3,0
DA:19,0
LF:2
LH:0
BRF:0
BRH:0
end_of_record
TN:
SF:routes\adminRoutes.js
FNF:0
FNH:0
DA:6,0
DA:9,0
DA:10,0
DA:11,0
DA:12,0
DA:13,0
DA:14,0
LF:7
LH:0
BRF:0
BRH:0
end_of_record
TN:
SF:routes\authRoutes.js
FNF:0
FNH:0
DA:7,0
DA:9,0
DA:20,0
DA:30,0
LF:4
LH:0
BRF:0
BRH:0
end_of_record
TN:
SF:routes\taskRoutes.js
FNF:0
FNH:0
DA:5,0
DA:7,0
DA:11,0
DA:12,0
LF:4
LH:0
BRF:0
BRH:0
end_of_record
TN:
SF:routes\userRoutes.js
FNF:0
FNH:0
DA:5,0
DA:7,0
DA:8,0
DA:9,0
DA:10,0
DA:11,0
DA:13,0
LF:7
LH:0
BRF:0
BRH:0
end_of_record
TN:
SF:utils\logger.js
FN:35,(anonymous_0)
FN:51,(anonymous_1)
FN:107,(anonymous_2)
FN:113,(anonymous_3)
FN:117,(anonymous_4)
FN:121,(anonymous_5)
FN:130,(anonymous_6)
FN:143,(anonymous_7)
FNF:8
FNH:8
FNDA:17,(anonymous_0)
FNDA:17,(anonymous_1)
FNDA:36,(anonymous_2)
FNDA:5,(anonymous_3)
FNDA:5,(anonymous_4)
FNDA:6,(anonymous_5)
FNDA:1,(anonymous_6)
FNDA:5,(anonymous_7)
DA:5,3
DA:6,3
DA:7,3
DA:10,3
DA:11,0
DA:14,3
DA:15,3
DA:16,3
DA:19,3
DA:28,3
DA:29,3
DA:30,3
DA:35,3
DA:36,17
DA:43,17
DA:46,3
DA:51,3
DA:52,17
DA:53,17
DA:55,17
DA:67,17
DA:68,17
DA:70,0
DA:74,17
DA:75,7
DA:76,7
DA:78,0
DA:83,17
DA:84,0
DA:85,0
DA:87,0
DA:92,17
DA:93,17
DA:94,17
DA:95,17
DA:99,17
DA:106,3
DA:108,36
DA:109,0
DA:114,5
DA:118,5
DA:122,6
DA:127,6
DA:131,1
DA:136,1
DA:143,5
LF:46
LH:39
BRDA:10,0,0,0
BRDA:10,0,1,3
BRDA:28,1,0,3
BRDA:28,1,1,3
BRDA:30,2,0,3
BRDA:30,2,1,0
BRDA:43,3,0,17
BRDA:43,3,1,0
BRDA:51,4,0,0
BRDA:51,5,0,0
BRDA:51,6,0,0
BRDA:74,7,0,7
BRDA:74,7,1,10
BRDA:83,8,0,0
BRDA:83,8,1,17
BRDA:83,9,0,17
BRDA:83,9,1,0
BRDA:92,10,0,17
BRDA:92,10,1,0
BRDA:95,11,0,11
BRDA:95,11,1,6
BRDA:107,12,0,0
BRDA:107,13,0,0
BRDA:107,14,0,36
BRDA:108,15,0,0
BRDA:108,15,1,36
BRDA:113,16,0,0
BRDA:113,17,0,3
BRDA:113,18,0,4
BRDA:117,19,0,0
BRDA:117,20,0,2
BRDA:117,21,0,5
BRDA:121,22,0,0
BRDA:121,23,0,0
BRDA:121,24,0,3
BRDA:122,25,0,6
BRDA:122,25,1,0
BRDA:130,26,0,0
BRDA:130,27,0,0
BRDA:130,28,0,1
BRDA:131,29,0,1
BRDA:131,29,1,0
BRF:42
BRH:22
end_of_record
